Vivado Simulator 2016.2
Time resolution is 1 ps
START: Requirement test 10a - 24-bit preamble/SFD, single byte, rxd high before/after at time 159995.
OK: Requirement test 10a - 24-bit preamble/SFD, single byte, rxd high before/after (5 tests passed)
START: Requirement test 10b - 24-bit preamble/SFD, 24 (or more) bytes, rxd high before/after at time 1040215.
FAIL(data, post-byte) Failed test 12 at time 1698106.
  Expected value 0x33, Inspected Value 0x80
FAIL(data, post-byte) Failed test 17 at time 1858986.
  Expected value 0x80, Inspected Value 0x2a
FAIL(data, post-byte) Failed test 22 at time 2019256.
  Expected value 0x2a, Inspected Value 0xe8
FAIL(data, post-byte) Failed test 27 at time 2177986.
  Expected value 0xe8, Inspected Value 0x5c
FAIL(data, post-byte) Failed test 32 at time 2338566.
  Expected value 0x5c, Inspected Value 0x48
FAIL(data, post-byte) Failed test 37 at time 2498216.
  Expected value 0x48, Inspected Value 0x4d
FAIL(data, post-byte) Failed test 42 at time 2658796.
  Expected value 0x4d, Inspected Value 0x5f
FAIL(data, post-byte) Failed test 47 at time 2819056.
  Expected value 0x5f, Inspected Value 0x25
FAIL(data, post-byte) Failed test 52 at time 2979016.
  Expected value 0x25, Inspected Value 0xd8
FAIL(data, post-byte) Failed test 57 at time 3138676.
  Expected value 0xd8, Inspected Value 0xb8
FAIL(data, post-byte) Failed test 62 at time 3299246.
  Expected value 0xb8, Inspected Value 0xc6
FAIL(data, post-byte) Failed test 67 at time 3457976.
  Expected value 0xc6, Inspected Value 0xb6
FAIL(data, post-byte) Failed test 72 at time 3618556.
  Expected value 0xb6, Inspected Value 0x90
FAIL(data, post-byte) Failed test 77 at time 3779126.
  Expected value 0x90, Inspected Value 0xf7
FAIL(data, post-byte) Failed test 82 at time 3938786.
  Expected value 0xf7, Inspected Value 0x5e
FAIL(data, post-byte) Failed test 87 at time 4099046.
  Expected value 0x5e, Inspected Value 0x6
FAIL(data, post-byte) Failed test 92 at time 4259006.
  Expected value 0x6, Inspected Value 0x25
FAIL(data, post-byte) Failed test 97 at time 4418666.
  Expected value 0x25, Inspected Value 0x66
FAIL(data, post-byte) Failed test 102 at time 4579236.
  Expected value 0x66, Inspected Value 0x0
FAIL(data, post-byte) Failed test 107 at time 4737966.
  Expected value 0x0, Inspected Value 0x78
FAIL(data, post-byte) Failed test 112 at time 4898546.
  Expected value 0x78, Inspected Value 0xa4
FAIL(data, post-byte) Failed test 117 at time 5058196.
  Expected value 0xa4, Inspected Value 0x9f
FAIL(data, post-byte) Failed test 122 at time 5219076.
  Expected value 0x9f, Inspected Value 0x6
FAIL(data, post-byte) Failed test 127 at time 5379036.
  Expected value 0x6, Inspected Value 0xc3
FAIL: Requirement test 10b - 24-bit preamble/SFD, 24 (or more) bytes, rxd high before/after. (24/123 falures)
START: Requirement test 10d - erroneous full low bit within frame at time 5640235.
FAIL(data, post-byte) Failed test 135 at time 6298126.
  Expected value 0xc3, Inspected Value 0x58
FAIL(data, post-byte) Failed test 140 at time 6459006.
  Expected value 0x58, Inspected Value 0xc1
FAIL(data, post-byte) Failed test 145 at time 6619276.
  Expected value 0xc1, Inspected Value 0x2c
FAIL(data, post-byte) Failed test 150 at time 6778006.
  Expected value 0x2c, Inspected Value 0x53
FAIL(data, post-byte) Failed test 155 at time 6939196.
  Expected value 0x53, Inspected Value 0xc7
FAIL(data, post-byte) Failed test 160 at time 7099156.
  Expected value 0xc7, Inspected Value 0xe5
FAIL(data, post-byte) Failed test 165 at time 7258816.
  Expected value 0xe5, Inspected Value 0x67
FAIL(data, post-byte) Failed test 170 at time 7419076.
  Expected value 0x67, Inspected Value 0xa
FAIL(data, post-byte) Failed test 175 at time 7578116.
  Expected value 0xa, Inspected Value 0x9e
FAIL(data, post-byte) Failed test 180 at time 7738696.
  Expected value 0x9e, Inspected Value 0xb5
FAIL(data, post-byte) Failed test 185 at time 7898346.
  Expected value 0xb5, Inspected Value 0xbd
FAIL(data, post-byte) Failed test 190 at time 8059226.
  Expected value 0xbd, Inspected Value 0x6
FAIL(cardet, post-byte) Failed test 225 at time 9500255.
  Expected value 0x0, Inspected Value 0x1
FAIL(cardet, pre-byte) Failed test 227 at time 9500255.
  Expected value 0x0, Inspected Value 0x1
FAIL: Requirement test 10d - erroneous full low bit within frame. (14/111 falures)
START: Requirement test 10e - erroneous byte ends early at time 10240255.
FAIL(data, post-byte) Failed test 246 at time 10899066.
  Expected value 0x6, Inspected Value 0x2e
FAIL(data, post-byte) Failed test 251 at time 11058726.
  Expected value 0x2e, Inspected Value 0x58
FAIL(data, post-byte) Failed test 256 at time 11218376.
  Expected value 0x58, Inspected Value 0x92
FAIL(data, post-byte) Failed test 261 at time 11378026.
  Expected value 0x92, Inspected Value 0x5f
FAIL(data, post-byte) Failed test 266 at time 11539216.
  Expected value 0x5f, Inspected Value 0xd9
FAIL(data, post-byte) Failed test 271 at time 11698256.
  Expected value 0xd9, Inspected Value 0x45
FAIL(data, post-byte) Failed test 276 at time 11859136.
  Expected value 0x45, Inspected Value 0xc8
FAIL(data, post-byte) Failed test 281 at time 12019096.
  Expected value 0xc8, Inspected Value 0xea
FAIL(data, post-byte) Failed test 286 at time 12179056.
  Expected value 0xea, Inspected Value 0x34
FAIL(data, post-byte) Failed test 291 at time 12338716.
  Expected value 0x34, Inspected Value 0x79
FAIL(data, post-byte) Failed test 296 at time 12498366.
  Expected value 0x79, Inspected Value 0x6f
FAIL(data, post-byte) Failed test 301 at time 12659246.
  Expected value 0x6f, Inspected Value 0x2e
FAIL(data, post-byte) Failed test 306 at time 12819206.
  Expected value 0x2e, Inspected Value 0x13
FAIL(data, post-byte) Failed test 311 at time 12979166.
  Expected value 0x13, Inspected Value 0x2c
FAIL(data, post-byte) Failed test 316 at time 13139126.
  Expected value 0x2c, Inspected Value 0x3
FAIL(data, post-byte) Failed test 321 at time 13298476.
  Expected value 0x3, Inspected Value 0x80
FAIL(data, post-byte) Failed test 326 at time 13459046.
  Expected value 0x80, Inspected Value 0xfb
FAIL(data, post-byte) Failed test 331 at time 13618706.
  Expected value 0xfb, Inspected Value 0xbe
FAIL(data, post-byte) Failed test 336 at time 13779276.
  Expected value 0xbe, Inspected Value 0x6
FAIL(data, post-byte) Failed test 341 at time 13938006.
  Expected value 0x6, Inspected Value 0x90
FAIL(data, post-byte) Failed test 346 at time 14098586.
  Expected value 0x90, Inspected Value 0x93
FAIL(data, post-byte) Failed test 351 at time 14259156.
  Expected value 0x93, Inspected Value 0x15
FAIL(data, post-byte) Failed test 356 at time 14419116.
  Expected value 0x15, Inspected Value 0xdf
FAIL: Requirement test 10e - erroneous byte ends early. (23/122 falures)

Tesbench Complete.
ATTENTION: 61 Error(s) in 361 tests
