#-----------------------------------------------------------
# Vivado v2016.2 (64-bit)
# SW Build 1577090 on Thu Jun  2 16:32:40 MDT 2016
# IP Build 1577682 on Fri Jun  3 12:00:54 MDT 2016
# Start of session at: Wed Nov 02 19:44:25 2016
# Process ID: 9716
# Current directory: C:/Users/flynng/Desktop/ECE491/6lab
# Command line: vivado.exe -gui_launcher_event rodinguilauncherevent7596 C:\Users\flynng\Desktop\ECE491\6lab\6lab.xpr
# Log file: C:/Users/flynng/Desktop/ECE491/6lab/vivado.log
# Journal file: C:/Users/flynng/Desktop/ECE491/6lab\vivado.jou
#-----------------------------------------------------------
start_gui
open_project C:/Users/flynng/Desktop/ECE491/6lab/6lab.xpr
Scanning sources...
Finished scanning sources
INFO: [IP_Flow 19-234] Refreshing IP repositories
INFO: [IP_Flow 19-1704] No user IP repositories specified
INFO: [IP_Flow 19-2313] Loaded Vivado IP repository 'C:/Xilinx/Vivado/2016.2/data/ip'.
exit
INFO: [Common 17-206] Exiting Vivado at Wed Nov 02 19:46:30 2016...
