Vivado Simulator 2016.2
Time resolution is 1 ps
FAIL(Checking idle) Failed test 1 at time 0.
  Expected value 0x1, Inspected Value 0xX
OK: txen line high on transmission at $0d.                 276
OK: txen line high for EOF tx at $0d.                 436
OK: txen line still high for EOF tx at $0d.                 446
OK: txen line still high for EOF tx at $0d.                 456
OK: txen line still high for EOF tx at $0d.                 466
OK: txen line low at end of tx at $0d.                 476
FAIL(Checking idle) Failed test 1 at time 0.
  Expected value 0x1, Inspected Value 0xX
OK: txen line high on transmission at $0d.                 276
OK: txen line high for EOF tx at $0d.                 436
OK: txen line still high for EOF tx at $0d.                 446
OK: txen line still high for EOF tx at $0d.                 456
OK: txen line still high for EOF tx at $0d.                 466
OK: txen line low at end of tx at $0d.                 476

Tesbench Complete.
ATTENTION: 1 Error(s) in 183 tests
