Unable to capture context for thread 3736 in process 4184, can not generate back trace
Exception at PC 0x000007FEFCBAA06D
Exception at PC 0x000007FEBD5BBB93
Printing stacktrace...

Unable to capture context for thread 11064 in process 4184, can not generate back trace
Exception at PC 0x000007FEFCBAA06D
Exception at PC 0x000007FEFCBAA06D
Exception at PC 0x000007FEFCBAA06D
Exception at PC 0x000007FEFCBAA06D
Exception at PC 0x000007FEFCBAA06D
Exception at PC 0x000007FEFCBAA06D
Exception at PC 0x000007FEFCBAA06D
Exception at PC 0x000007FEFCBAA06D
Exception at PC 0x000007FEFCBAA06D
Exception at PC 0x000007FEFCBAA06D
Exception at PC 0x000007FEFCBAA06D
Exception at PC 0x000007FEFCBAA06D
Exception at PC 0x000007FEFCBAA06D
Exception at PC 0x000007FEFCBAA06D
Exception at PC 0x000007FEFCBAA06D
Exception at PC 0x000007FEFCBAA06D
Exception at PC 0x000007FEFCBAA06D
[0]  [0x000007FEBD5BBB93]
[1]  [0x000007FEBD5BBB93]
[2]  [0x000007FEBD5BB4A1]
[3]  [0x000007FEBD5BB3EF]
[4]  [0x000007FEBD5A19FE]
[5]  [0x000007FEBD5A0ED1]
[6]  [0x000007FEBD5A0D76]
[7]  [0x000007FEBD5479F6]
[8]  [0x000007FEBD537AFB]
[9]  [0x000007FEBD65E90A]
[10]  [0x000007FEBD679F87]
[11]  [0x000007FEBD67A05F]
[12] (BaseThreadInitThunk+0xd) [0x0000000076B959BD]
[13] (RtlUserThreadStart+0x21) [0x0000000076DCA2E1]
Done
