INFO: [VRFC 10-2263] Analyzing SystemVerilog file "C:/Users/flynng/Desktop/ECE491/5lab/5lab.srcs/sources_1/imports/imports/sources_1/imports/lab2.srcs/sources_1/imports/lab1/reg_param.sv" into library xil_defaultlib
INFO: [VRFC 10-311] analyzing module reg_parm
INFO: [VRFC 10-2263] Analyzing SystemVerilog file "C:/Users/flynng/Desktop/ECE491/5lab/5lab.srcs/sources_1/imports/imports/sources_1/imports/lab2.srcs/sources_1/imports/lab1/clkenb.sv" into library xil_defaultlib
INFO: [VRFC 10-311] analyzing module clkenb
INFO: [VRFC 10-2263] Analyzing SystemVerilog file "C:/Users/flynng/Desktop/ECE491/5lab/5lab.srcs/sources_1/imports/new/temp_data.sv" into library xil_defaultlib
INFO: [VRFC 10-311] analyzing module temp_data
INFO: [VRFC 10-2263] Analyzing SystemVerilog file "C:/Users/flynng/Desktop/ECE491/5lab/5lab.srcs/sources_1/imports/imports/lab1/seven_seg.sv" into library xil_defaultlib
INFO: [VRFC 10-311] analyzing module seven_seg
INFO: [VRFC 10-2263] Analyzing SystemVerilog file "C:/Users/flynng/Desktop/ECE491/5lab/5lab.srcs/sources_1/imports/new/rxd_synchroniser.sv" into library xil_defaultlib
INFO: [VRFC 10-311] analyzing module rxd_synchroniser
INFO: [VRFC 10-2263] Analyzing SystemVerilog file "C:/Users/flynng/Desktop/ECE491/5lab/5lab.srcs/sources_1/imports/imports/sources_1/imports/lab2.srcs/sources_1/imports/lab1/mux8_parm.sv" into library xil_defaultlib
INFO: [VRFC 10-311] analyzing module mux8_parm
INFO: [VRFC 10-2263] Analyzing SystemVerilog file "C:/Users/flynng/Desktop/ECE491/5lab/5lab.srcs/sources_1/imports/new/f_error.sv" into library xil_defaultlib
INFO: [VRFC 10-311] analyzing module f_error
INFO: [VRFC 10-2263] Analyzing SystemVerilog file "C:/Users/flynng/Desktop/ECE491/5lab/5lab.srcs/sources_1/imports/new/fsm.sv" into library xil_defaultlib
INFO: [VRFC 10-311] analyzing module fsm
INFO: [VRFC 10-2263] Analyzing SystemVerilog file "C:/Users/flynng/Desktop/ECE491/5lab/5lab.srcs/sources_1/imports/new/delay_timer.sv" into library xil_defaultlib
INFO: [VRFC 10-311] analyzing module delay_timer
INFO: [VRFC 10-2263] Analyzing SystemVerilog file "C:/Users/flynng/Desktop/ECE491/5lab/5lab.srcs/sources_1/imports/imports/lab1/decoder_3_8_en.sv" into library xil_defaultlib
INFO: [VRFC 10-311] analyzing module decoder_3_8_en
INFO: [VRFC 10-2263] Analyzing SystemVerilog file "C:/Users/flynng/Desktop/ECE491/5lab/5lab.srcs/sources_1/imports/new/data.sv" into library xil_defaultlib
INFO: [VRFC 10-311] analyzing module data
INFO: [VRFC 10-2263] Analyzing SystemVerilog file "C:/Users/flynng/Desktop/ECE491/5lab/5lab.srcs/sources_1/imports/imports/sources_1/imports/lab2.srcs/sources_1/imports/lab1/counter_parm.sv" into library xil_defaultlib
INFO: [VRFC 10-311] analyzing module counter_parm
INFO: [VRFC 10-2263] Analyzing SystemVerilog file "C:/Users/flynng/Desktop/ECE491/5lab/5lab.srcs/sources_1/imports/new/receiver.sv" into library xil_defaultlib
INFO: [VRFC 10-311] analyzing module receiver
INFO: [VRFC 10-2458] undeclared symbol rxd_synced, assumed default net type wire [C:/Users/flynng/Desktop/ECE491/5lab/5lab.srcs/sources_1/imports/new/receiver.sv:40]
INFO: [VRFC 10-2458] undeclared symbol start_check, assumed default net type wire [C:/Users/flynng/Desktop/ECE491/5lab/5lab.srcs/sources_1/imports/new/receiver.sv:40]
INFO: [VRFC 10-2458] undeclared symbol clr_ferr, assumed default net type wire [C:/Users/flynng/Desktop/ECE491/5lab/5lab.srcs/sources_1/imports/new/receiver.sv:42]
INFO: [VRFC 10-2458] undeclared symbol set_ferr, assumed default net type wire [C:/Users/flynng/Desktop/ECE491/5lab/5lab.srcs/sources_1/imports/new/receiver.sv:42]
INFO: [VRFC 10-2458] undeclared symbol bit_counter_rst, assumed default net type wire [C:/Users/flynng/Desktop/ECE491/5lab/5lab.srcs/sources_1/imports/new/receiver.sv:44]
INFO: [VRFC 10-2263] Analyzing SystemVerilog file "C:/Users/flynng/Desktop/ECE491/5lab/5lab.srcs/sources_1/imports/imports/lab1/dispctl.sv" into library xil_defaultlib
INFO: [VRFC 10-311] analyzing module dispctl
INFO: [VRFC 10-2458] undeclared symbol dp_n, assumed default net type wire [C:/Users/flynng/Desktop/ECE491/5lab/5lab.srcs/sources_1/imports/imports/lab1/dispctl.sv:49]
INFO: [VRFC 10-2263] Analyzing SystemVerilog file "C:/Users/flynng/Desktop/ECE491/5lab/5lab.srcs/sources_1/imports/imports/sources_1/imports/lab2.srcs/sources_1/imports/lab1/nexys4DDR.sv" into library xil_defaultlib
INFO: [VRFC 10-311] analyzing module nexys4DDR
INFO: [VRFC 10-2458] undeclared symbol reset, assumed default net type wire [C:/Users/flynng/Desktop/ECE491/5lab/5lab.srcs/sources_1/imports/imports/sources_1/imports/lab2.srcs/sources_1/imports/lab1/nexys4DDR.sv:49]
INFO: [VRFC 10-2458] undeclared symbol clk, assumed default net type wire [C:/Users/flynng/Desktop/ECE491/5lab/5lab.srcs/sources_1/imports/imports/sources_1/imports/lab2.srcs/sources_1/imports/lab1/nexys4DDR.sv:57]
INFO: [VRFC 10-2263] Analyzing SystemVerilog file "C:/Users/flynng/Desktop/ECE491/5lab/5lab.srcs/sources_1/imports/5lab/fsm_data.sv" into library xil_defaultlib
INFO: [VRFC 10-311] analyzing module fsm_data
INFO: [VRFC 10-2263] Analyzing SystemVerilog file "C:/Users/flynng/Desktop/ECE491/5lab/5lab.srcs/sources_1/imports/5lab/fsm_pll.sv" into library xil_defaultlib
INFO: [VRFC 10-311] analyzing module fsm_pll
INFO: [VRFC 10-2263] Analyzing SystemVerilog file "C:/Users/flynng/Desktop/ECE491/5lab/5lab.srcs/sources_1/imports/5lab/fsm_psfd.sv" into library xil_defaultlib
INFO: [VRFC 10-311] analyzing module fsm_psfd
INFO: [VRFC 10-2263] Analyzing SystemVerilog file "C:/Users/flynng/Desktop/ECE491/5lab/5lab.srcs/sources_1/new/FSMs.sv" into library xil_defaultlib
INFO: [VRFC 10-311] analyzing module FSMs
INFO: [VRFC 10-2263] Analyzing SystemVerilog file "C:/Users/flynng/Desktop/ECE491/5lab/5lab.srcs/sources_1/new/data_buffer.sv" into library xil_defaultlib
INFO: [VRFC 10-311] analyzing module data_buffer
INFO: [VRFC 10-2263] Analyzing SystemVerilog file "C:/Users/flynng/Desktop/ECE491/5lab/5lab.srcs/sources_1/new/sync_input.sv" into library xil_defaultlib
INFO: [VRFC 10-311] analyzing module sync_input
INFO: [VRFC 10-2263] Analyzing SystemVerilog file "C:/Users/flynng/Desktop/ECE491/5lab/5lab.srcs/sources_1/new/counter.sv" into library xil_defaultlib
INFO: [VRFC 10-311] analyzing module counter
INFO: [VRFC 10-2263] Analyzing SystemVerilog file "C:/Users/flynng/Desktop/ECE491/5lab/5lab.srcs/sources_1/imports/Downloads/check_p.sv" into library xil_defaultlib
INFO: [VRFC 10-443] port direction not specified for function/task, assuming input [C:/Users/flynng/Desktop/ECE491/5lab/5lab.srcs/sources_1/imports/Downloads/check_p.sv:84]
INFO: [VRFC 10-2263] Analyzing SystemVerilog file "C:/Users/flynng/Desktop/ECE491/5lab/5lab.srcs/sim_1/new/mx_rcvr_test.sv" into library xil_defaultlib
INFO: [VRFC 10-311] analyzing module mx_rcvr_test
INFO: [VRFC 10-2263] Analyzing Verilog file "C:/Users/flynng/Desktop/ECE491/5lab/5lab.sim/sim_1/behav/glbl.v" into library xil_defaultlib
INFO: [VRFC 10-311] analyzing module glbl
