INFO: [VRFC 10-2263] Analyzing SystemVerilog file "C:/Users/flynng/Desktop/ECE491/6lab/6.srcs/sources/imports/sync_input.sv" into library xil_defaultlib
INFO: [VRFC 10-311] analyzing module sync_input
INFO: [VRFC 10-2263] Analyzing SystemVerilog file "C:/Users/flynng/Desktop/ECE491/6lab/6.srcs/sources/imports/one_bit_ff.sv" into library xil_defaultlib
INFO: [VRFC 10-311] analyzing module one_bit_ff
INFO: [VRFC 10-2263] Analyzing SystemVerilog file "C:/Users/flynng/Desktop/ECE491/6lab/6.srcs/sources/imports/fsm_psfd.sv" into library xil_defaultlib
INFO: [VRFC 10-311] analyzing module fsm_psfd
INFO: [VRFC 10-2263] Analyzing SystemVerilog file "C:/Users/flynng/Desktop/ECE491/6lab/6.srcs/sources/imports/fsm_pll.sv" into library xil_defaultlib
INFO: [VRFC 10-311] analyzing module fsm_pll
INFO: [VRFC 10-2263] Analyzing SystemVerilog file "C:/Users/flynng/Desktop/ECE491/6lab/6.srcs/sources/imports/fsm_data.sv" into library xil_defaultlib
INFO: [VRFC 10-311] analyzing module fsm_data
INFO: [VRFC 10-2263] Analyzing SystemVerilog file "C:/Users/flynng/Desktop/ECE491/6lab/6.srcs/sources/imports/clkenb_baud.sv" into library xil_defaultlib
INFO: [VRFC 10-311] analyzing module clkenb_baud
INFO: [VRFC 10-2263] Analyzing SystemVerilog file "C:/Users/flynng/Desktop/ECE491/6lab/6.srcs/sources/imports/clkenb.sv" into library xil_defaultlib
INFO: [VRFC 10-311] analyzing module clkenb
INFO: [VRFC 10-2263] Analyzing SystemVerilog file "C:/Users/flynng/Desktop/ECE491/6lab/6.srcs/sources/imports/reg_param.sv" into library xil_defaultlib
INFO: [VRFC 10-311] analyzing module reg_parm
INFO: [VRFC 10-2263] Analyzing SystemVerilog file "C:/Users/flynng/Desktop/ECE491/6lab/6.srcs/sources/imports/counter_parm.sv" into library xil_defaultlib
INFO: [VRFC 10-311] analyzing module counter_parm
INFO: [VRFC 10-2263] Analyzing SystemVerilog file "C:/Users/flynng/Desktop/ECE491/6lab/6.srcs/sources/imports/mux8_parm.sv" into library xil_defaultlib
INFO: [VRFC 10-311] analyzing module mux8_parm
INFO: [VRFC 10-2263] Analyzing SystemVerilog file "C:/Users/flynng/Desktop/ECE491/6lab/6.srcs/sources/imports/seven_seg.sv" into library xil_defaultlib
INFO: [VRFC 10-311] analyzing module seven_seg
INFO: [VRFC 10-2263] Analyzing SystemVerilog file "C:/Users/flynng/Desktop/ECE491/6lab/6.srcs/sources/imports/f_error.sv" into library xil_defaultlib
INFO: [VRFC 10-311] analyzing module f_error
INFO: [VRFC 10-2263] Analyzing SystemVerilog file "C:/Users/flynng/Desktop/ECE491/6lab/6.srcs/sources/imports/FSMs.sv" into library xil_defaultlib
INFO: [VRFC 10-311] analyzing module FSMs
INFO: [VRFC 10-2458] undeclared symbol data_bit_last, assumed default net type wire [C:/Users/flynng/Desktop/ECE491/6lab/6.srcs/sources/imports/FSMs.sv:39]
INFO: [VRFC 10-2263] Analyzing SystemVerilog file "C:/Users/flynng/Desktop/ECE491/6lab/6.srcs/sources/imports/decoder_3_8_en.sv" into library xil_defaultlib
INFO: [VRFC 10-311] analyzing module decoder_3_8_en
INFO: [VRFC 10-2263] Analyzing SystemVerilog file "C:/Users/flynng/Desktop/ECE491/6lab/6.srcs/sources/imports/data_buffer.sv" into library xil_defaultlib
INFO: [VRFC 10-311] analyzing module data_buffer
INFO: [VRFC 10-2263] Analyzing SystemVerilog file "C:/Users/flynng/Desktop/ECE491/6lab/6.srcs/sources/imports/counter.sv" into library xil_defaultlib
INFO: [VRFC 10-311] analyzing module counter
INFO: [VRFC 10-2263] Analyzing SystemVerilog file "C:/Users/flynng/Desktop/ECE491/6lab/6.srcs/sources/imports/correlator.sv" into library xil_defaultlib
INFO: [VRFC 10-311] analyzing module correlator
INFO: [VRFC 10-2263] Analyzing SystemVerilog file "C:/Users/flynng/Desktop/ECE491/6lab/6.srcs/sources/imports/transmitter_for_mx.sv" into library xil_defaultlib
INFO: [VRFC 10-311] analyzing module transmitter_for_mx
INFO: [VRFC 10-2458] undeclared symbol enb, assumed default net type wire [C:/Users/flynng/Desktop/ECE491/6lab/6.srcs/sources/imports/transmitter_for_mx.sv:236]
INFO: [VRFC 10-2263] Analyzing SystemVerilog file "C:/Users/flynng/Desktop/ECE491/6lab/6.srcs/sources/imports/transmitter.sv" into library xil_defaultlib
INFO: [VRFC 10-311] analyzing module transmitter
INFO: [VRFC 10-2458] undeclared symbol enb, assumed default net type wire [C:/Users/flynng/Desktop/ECE491/6lab/6.srcs/sources/imports/transmitter.sv:152]
INFO: [VRFC 10-2263] Analyzing SystemVerilog file "C:/Users/flynng/Desktop/ECE491/6lab/6.srcs/sources/imports/p_fifo.sv" into library xil_defaultlib
INFO: [VRFC 10-311] analyzing module p_fifo
INFO: [VRFC 10-2263] Analyzing SystemVerilog file "C:/Users/flynng/Desktop/ECE491/6lab/6.srcs/sources/imports/mx_rcvr.sv" into library xil_defaultlib
INFO: [VRFC 10-311] analyzing module mx_rcvr
INFO: [VRFC 10-2458] undeclared symbol rxd_sync, assumed default net type wire [C:/Users/flynng/Desktop/ECE491/6lab/6.srcs/sources/imports/mx_rcvr.sv:55]
INFO: [VRFC 10-2458] undeclared symbol sample_slow, assumed default net type wire [C:/Users/flynng/Desktop/ECE491/6lab/6.srcs/sources/imports/mx_rcvr.sv:59]
INFO: [VRFC 10-2458] undeclared symbol sample, assumed default net type wire [C:/Users/flynng/Desktop/ECE491/6lab/6.srcs/sources/imports/mx_rcvr.sv:60]
INFO: [VRFC 10-2458] undeclared symbol store_bit, assumed default net type wire [C:/Users/flynng/Desktop/ECE491/6lab/6.srcs/sources/imports/mx_rcvr.sv:63]
INFO: [VRFC 10-2458] undeclared symbol slow_sample_reset, assumed default net type wire [C:/Users/flynng/Desktop/ECE491/6lab/6.srcs/sources/imports/mx_rcvr.sv:65]
INFO: [VRFC 10-2458] undeclared symbol sample_inc, assumed default net type wire [C:/Users/flynng/Desktop/ECE491/6lab/6.srcs/sources/imports/mx_rcvr.sv:67]
INFO: [VRFC 10-2458] undeclared symbol sample_dec, assumed default net type wire [C:/Users/flynng/Desktop/ECE491/6lab/6.srcs/sources/imports/mx_rcvr.sv:68]
INFO: [VRFC 10-2458] undeclared symbol set_ferr1, assumed default net type wire [C:/Users/flynng/Desktop/ECE491/6lab/6.srcs/sources/imports/mx_rcvr.sv:75]
INFO: [VRFC 10-2458] undeclared symbol set_ferr2, assumed default net type wire [C:/Users/flynng/Desktop/ECE491/6lab/6.srcs/sources/imports/mx_rcvr.sv:76]
INFO: [VRFC 10-2458] undeclared symbol set_ferr3, assumed default net type wire [C:/Users/flynng/Desktop/ECE491/6lab/6.srcs/sources/imports/mx_rcvr.sv:77]
INFO: [VRFC 10-2263] Analyzing SystemVerilog file "C:/Users/flynng/Desktop/ECE491/6lab/6.srcs/sources/imports/fifo_fsm.sv" into library xil_defaultlib
INFO: [VRFC 10-311] analyzing module fifo_fsm
WARNING: [VRFC 10-756] identifier state is used before its declaration [C:/Users/flynng/Desktop/ECE491/6lab/6.srcs/sources/imports/fifo_fsm.sv:35]
WARNING: [VRFC 10-756] identifier state is used before its declaration [C:/Users/flynng/Desktop/ECE491/6lab/6.srcs/sources/imports/fifo_fsm.sv:40]
INFO: [VRFC 10-2263] Analyzing SystemVerilog file "C:/Users/flynng/Desktop/ECE491/6lab/6.srcs/sources/imports/dispctl.sv" into library xil_defaultlib
INFO: [VRFC 10-311] analyzing module dispctl
INFO: [VRFC 10-2458] undeclared symbol dp_n, assumed default net type wire [C:/Users/flynng/Desktop/ECE491/6lab/6.srcs/sources/imports/dispctl.sv:50]
INFO: [VRFC 10-2263] Analyzing SystemVerilog file "C:/Users/flynng/Desktop/ECE491/6lab/6.srcs/sources/imports/single_pulser.sv" into library xil_defaultlib
INFO: [VRFC 10-311] analyzing module single_pulser
INFO: [VRFC 10-2263] Analyzing SystemVerilog file "C:/Users/flynng/Desktop/ECE491/6lab/6.srcs/sources/imports/mxtest_2.sv" into library xil_defaultlib
INFO: [VRFC 10-311] analyzing module mxtest_2
INFO: [VRFC 10-2263] Analyzing SystemVerilog file "C:/Users/flynng/Desktop/ECE491/6lab/6.srcs/sources/imports/manchester_tx.sv" into library xil_defaultlib
INFO: [VRFC 10-311] analyzing module manchester_tx
INFO: [VRFC 10-2458] undeclared symbol txd_nrz, assumed default net type wire [C:/Users/flynng/Desktop/ECE491/6lab/6.srcs/sources/imports/manchester_tx.sv:30]
INFO: [VRFC 10-2458] undeclared symbol txd_man, assumed default net type wire [C:/Users/flynng/Desktop/ECE491/6lab/6.srcs/sources/imports/manchester_tx.sv:31]
INFO: [VRFC 10-2263] Analyzing SystemVerilog file "C:/Users/flynng/Desktop/ECE491/6lab/6lab.srcs/sources_1/new/ReceiverTestUnit.sv" into library xil_defaultlib
INFO: [VRFC 10-311] analyzing module ReceiverTestUnit
INFO: [VRFC 10-2458] undeclared symbol write, assumed default net type wire [C:/Users/flynng/Desktop/ECE491/6lab/6lab.srcs/sources_1/new/ReceiverTestUnit.sv:47]
INFO: [VRFC 10-2263] Analyzing SystemVerilog file "C:/Users/flynng/Desktop/ECE491/6lab/6lab.srcs/sources_1/new/TransmitterTestUnit.sv" into library xil_defaultlib
INFO: [VRFC 10-311] analyzing module TransmitterTestUnit
INFO: [VRFC 10-2458] undeclared symbol rdy, assumed default net type wire [C:/Users/flynng/Desktop/ECE491/6lab/6lab.srcs/sources_1/new/TransmitterTestUnit.sv:30]
INFO: [VRFC 10-2263] Analyzing SystemVerilog file "C:/Users/flynng/Desktop/ECE491/6lab/6.srcs/sources/imports/nexys4DDR.sv" into library xil_defaultlib
INFO: [VRFC 10-311] analyzing module nexys4DDR
INFO: [VRFC 10-2458] undeclared symbol clk, assumed default net type wire [C:/Users/flynng/Desktop/ECE491/6lab/6.srcs/sources/imports/nexys4DDR.sv:44]
INFO: [VRFC 10-2458] undeclared symbol reset, assumed default net type wire [C:/Users/flynng/Desktop/ECE491/6lab/6.srcs/sources/imports/nexys4DDR.sv:45]
INFO: [VRFC 10-2458] undeclared symbol rxdata, assumed default net type wire [C:/Users/flynng/Desktop/ECE491/6lab/6.srcs/sources/imports/nexys4DDR.sv:48]
INFO: [VRFC 10-2458] undeclared symbol enb, assumed default net type wire [C:/Users/flynng/Desktop/ECE491/6lab/6.srcs/sources/imports/nexys4DDR.sv:59]
WARNING: [VRFC 10-756] identifier txdata is used before its declaration [C:/Users/flynng/Desktop/ECE491/6lab/6.srcs/sources/imports/nexys4DDR.sv:49]
WARNING: [VRFC 10-756] identifier txen is used before its declaration [C:/Users/flynng/Desktop/ECE491/6lab/6.srcs/sources/imports/nexys4DDR.sv:50]
WARNING: [VRFC 10-756] identifier looking is used before its declaration [C:/Users/flynng/Desktop/ECE491/6lab/6.srcs/sources/imports/nexys4DDR.sv:55]
INFO: [VRFC 10-2263] Analyzing SystemVerilog file "C:/Users/flynng/Desktop/ECE491/6lab/6.srcs/sources/imports/check_p.sv" into library xil_defaultlib
INFO: [VRFC 10-443] port direction not specified for function/task, assuming input [C:/Users/flynng/Desktop/ECE491/6lab/6.srcs/sources/imports/check_p.sv:84]
INFO: [VRFC 10-2263] Analyzing SystemVerilog file "C:/Users/flynng/Desktop/ECE491/6lab/6.srcs/sources/imports/accumulator.sv" into library xil_defaultlib
INFO: [VRFC 10-311] analyzing module accumulator
INFO: [VRFC 10-2263] Analyzing SystemVerilog file "C:/Users/flynng/Desktop/ECE491/6lab/6.srcs/sim_1/new/tx_rx_test_jitter.sv" into library xil_defaultlib
INFO: [VRFC 10-311] analyzing module tx_rx_test_jitter
INFO: [VRFC 10-2263] Analyzing SystemVerilog file "C:/Users/flynng/Desktop/ECE491/6lab/6.srcs/sim_1/new/tx_rx_test.sv" into library xil_defaultlib
INFO: [VRFC 10-311] analyzing module tx_rx_test
INFO: [VRFC 10-2263] Analyzing SystemVerilog file "C:/Users/flynng/Desktop/ECE491/6lab/6lab.srcs/sim_1/new/transmitterTestUnit_testBench.sv" into library xil_defaultlib
INFO: [VRFC 10-311] analyzing module transmitterTestUnit_testBench
INFO: [VRFC 10-2263] Analyzing SystemVerilog file "C:/Users/flynng/Desktop/ECE491/6lab/6.srcs/sim_1/imports/new/top_sim.sv" into library xil_defaultlib
INFO: [VRFC 10-311] analyzing module top_sim
INFO: [VRFC 10-2263] Analyzing SystemVerilog file "C:/Users/flynng/Desktop/ECE491/6lab/6.srcs/sim_1/new/mx_test_tx_rx_test.sv" into library xil_defaultlib
INFO: [VRFC 10-311] analyzing module mx_test_tx_rx_test
WARNING: [VRFC 10-2167] variable i must explicitly be declared as automatic or static [C:/Users/flynng/Desktop/ECE491/6lab/6.srcs/sim_1/new/mx_test_tx_rx_test.sv:64]
INFO: [VRFC 10-2263] Analyzing SystemVerilog file "C:/Users/flynng/Desktop/ECE491/6lab/6.srcs/sim_1/new/mx_rcvr_test.sv" into library xil_defaultlib
INFO: [VRFC 10-311] analyzing module mx_rcvr_test
WARNING: [VRFC 10-2167] variable byte_to_send must explicitly be declared as automatic or static [C:/Users/flynng/Desktop/ECE491/6lab/6.srcs/sim_1/new/mx_rcvr_test.sv:297]
INFO: [VRFC 10-2263] Analyzing SystemVerilog file "C:/Users/flynng/Desktop/ECE491/6lab/6lab.srcs/sim_1/new/Top_level_sim.sv" into library xil_defaultlib
INFO: [VRFC 10-311] analyzing module Top_level_sim
INFO: [VRFC 10-2263] Analyzing Verilog file "C:/Users/flynng/Desktop/ECE491/6lab/6lab.sim/sim_1/behav/glbl.v" into library xil_defaultlib
INFO: [VRFC 10-311] analyzing module glbl
