
*** Running vivado
    with args -log nexys4DDR.vds -m64 -mode batch -messageDb vivado.pb -notrace -source nexys4DDR.tcl


****** Vivado v2016.2 (64-bit)
  **** SW Build 1577090 on Thu Jun  2 16:32:40 MDT 2016
  **** IP Build 1577682 on Fri Jun  3 12:00:54 MDT 2016
    ** Copyright 1986-2016 Xilinx, Inc. All Rights Reserved.

source nexys4DDR.tcl -notrace
Command: synth_design -top nexys4DDR -part xc7a100tcsg324-1
Starting synth_design
Attempting to get a license for feature 'Synthesis' and/or device 'xc7a100t'
INFO: [Common 17-349] Got license for feature 'Synthesis' and/or device 'xc7a100t'
INFO: Launching helper process for spawning children vivado processes
INFO: Helper process launched with PID 4796 
---------------------------------------------------------------------------------
Starting RTL Elaboration : Time (s): cpu = 00:00:05 ; elapsed = 00:00:05 . Memory (MB): peak = 315.254 ; gain = 106.793
---------------------------------------------------------------------------------
INFO: [Synth 8-638] synthesizing module 'nexys4DDR' [C:/Users/flynng/Desktop/ECE491/lab2/lab2.srcs/sources_1/imports/lab1/nexys4DDR.sv:23]
INFO: [Synth 8-638] synthesizing module 'single_pulser' [C:/Users/flynng/Desktop/ECE491/lab2/lab2.srcs/sources_1/imports/Downloads/single_pulser.v:19]
INFO: [Synth 8-256] done synthesizing module 'single_pulser' (1#1) [C:/Users/flynng/Desktop/ECE491/lab2/lab2.srcs/sources_1/imports/Downloads/single_pulser.v:19]
INFO: [Synth 8-638] synthesizing module 'transmitter' [C:/Users/flynng/Desktop/ECE491/lab2/lab2.srcs/sources_1/new/transmitter.sv:23]
	Parameter BAUD_RATE bound to: 9600 - type: integer 
INFO: [Synth 8-294] found qualifier unique on case statement: implementing as parallel_case [C:/Users/flynng/Desktop/ECE491/lab2/lab2.srcs/sources_1/new/transmitter.sv:56]
INFO: [Synth 8-638] synthesizing module 'clkenb' [C:/Users/flynng/Desktop/ECE491/lab2/lab2.srcs/sources_1/imports/lab1/clkenb.sv:21]
	Parameter DIVFREQ bound to: 9600 - type: integer 
	Parameter CLKFREQ bound to: 100000000 - type: integer 
	Parameter DIVAMT bound to: 10416 - type: integer 
	Parameter DIVBITS bound to: 14 - type: integer 
INFO: [Synth 8-256] done synthesizing module 'clkenb' (2#1) [C:/Users/flynng/Desktop/ECE491/lab2/lab2.srcs/sources_1/imports/lab1/clkenb.sv:21]
INFO: [Synth 8-638] synthesizing module 'reg_parm' [C:/Users/flynng/Desktop/ECE491/lab2/lab2.srcs/sources_1/imports/lab1/reg_param.sv:2]
	Parameter W bound to: 8 - type: integer 
INFO: [Synth 8-256] done synthesizing module 'reg_parm' (3#1) [C:/Users/flynng/Desktop/ECE491/lab2/lab2.srcs/sources_1/imports/lab1/reg_param.sv:2]
INFO: [Synth 8-638] synthesizing module 'mux8_parm' [C:/Users/flynng/Desktop/ECE491/lab2/lab2.srcs/sources_1/imports/lab1/mux8_parm.sv:2]
	Parameter W bound to: 1 - type: integer 
INFO: [Synth 8-226] default block is never used [C:/Users/flynng/Desktop/ECE491/lab2/lab2.srcs/sources_1/imports/lab1/mux8_parm.sv:9]
INFO: [Synth 8-256] done synthesizing module 'mux8_parm' (4#1) [C:/Users/flynng/Desktop/ECE491/lab2/lab2.srcs/sources_1/imports/lab1/mux8_parm.sv:2]
INFO: [Synth 8-638] synthesizing module 'counter_parm' [C:/Users/flynng/Desktop/ECE491/lab2/lab2.srcs/sources_1/imports/lab1/counter_parm.sv:2]
	Parameter W bound to: 4 - type: integer 
	Parameter CARRY_VAL bound to: 4'b1000 
INFO: [Synth 8-256] done synthesizing module 'counter_parm' (5#1) [C:/Users/flynng/Desktop/ECE491/lab2/lab2.srcs/sources_1/imports/lab1/counter_parm.sv:2]
INFO: [Synth 8-256] done synthesizing module 'transmitter' (6#1) [C:/Users/flynng/Desktop/ECE491/lab2/lab2.srcs/sources_1/new/transmitter.sv:23]
INFO: [Synth 8-256] done synthesizing module 'nexys4DDR' (7#1) [C:/Users/flynng/Desktop/ECE491/lab2/lab2.srcs/sources_1/imports/lab1/nexys4DDR.sv:23]
---------------------------------------------------------------------------------
Finished RTL Elaboration : Time (s): cpu = 00:00:05 ; elapsed = 00:00:06 . Memory (MB): peak = 352.480 ; gain = 144.020
---------------------------------------------------------------------------------

Report Check Netlist: 
+------+------------------+-------+---------+-------+------------------+
|      |Item              |Errors |Warnings |Status |Description       |
+------+------------------+-------+---------+-------+------------------+
|1     |multi_driven_nets |      0|        0|Passed |Multi driven nets |
+------+------------------+-------+---------+-------+------------------+
---------------------------------------------------------------------------------
Finished RTL Optimization Phase 1 : Time (s): cpu = 00:00:05 ; elapsed = 00:00:06 . Memory (MB): peak = 352.480 ; gain = 144.020
---------------------------------------------------------------------------------
INFO: [Device 21-403] Loading part xc7a100tcsg324-1
INFO: [Project 1-570] Preparing netlist for logic optimization

Processing XDC Constraints
Initializing timing engine
Parsing XDC File [C:/Users/flynng/Desktop/ECE491/lab2/lab2.srcs/constrs_1/imports/lab1/nexys4DDR.xdc]
Finished Parsing XDC File [C:/Users/flynng/Desktop/ECE491/lab2/lab2.srcs/constrs_1/imports/lab1/nexys4DDR.xdc]
INFO: [Project 1-236] Implementation specific constraints were found while reading constraint file [C:/Users/flynng/Desktop/ECE491/lab2/lab2.srcs/constrs_1/imports/lab1/nexys4DDR.xdc]. These constraints will be ignored for synthesis but will be used in implementation. Impacted constraints are listed in the file [.Xil/nexys4DDR_propImpl.xdc].
Resolution: To avoid this warning, move constraints listed in [.Xil/nexys4DDR_propImpl.xdc] to another XDC file and exclude this new file from synthesis with the used_in_synthesis property (File Properties dialog in GUI) and re-run elaboration/synthesis.
Completed Processing XDC Constraints

INFO: [Project 1-111] Unisim Transformation Summary:
No Unisim elements were transformed.

Constraint Validation Runtime : Time (s): cpu = 00:00:00 ; elapsed = 00:00:00 . Memory (MB): peak = 647.563 ; gain = 0.000
---------------------------------------------------------------------------------
Finished Constraint Validation : Time (s): cpu = 00:00:11 ; elapsed = 00:00:12 . Memory (MB): peak = 647.563 ; gain = 439.102
---------------------------------------------------------------------------------
---------------------------------------------------------------------------------
Start Loading Part and Timing Information
---------------------------------------------------------------------------------
Loading part: xc7a100tcsg324-1
---------------------------------------------------------------------------------
Finished Loading Part and Timing Information : Time (s): cpu = 00:00:11 ; elapsed = 00:00:12 . Memory (MB): peak = 647.563 ; gain = 439.102
---------------------------------------------------------------------------------
---------------------------------------------------------------------------------
Start Applying 'set_property' XDC Constraints
---------------------------------------------------------------------------------
---------------------------------------------------------------------------------
Finished applying 'set_property' XDC Constraints : Time (s): cpu = 00:00:11 ; elapsed = 00:00:12 . Memory (MB): peak = 647.563 ; gain = 439.102
---------------------------------------------------------------------------------
INFO: [Synth 8-5546] ROM "enb" won't be mapped to RAM because it is too sparse
INFO: [Synth 8-802] inferred FSM for state register 'state_reg' in module 'transmitter'
INFO: [Synth 8-5544] ROM "clk_reset" won't be mapped to Block RAM because address size (3) smaller than threshold (5)
INFO: [Synth 8-5544] ROM "counter_rst" won't be mapped to Block RAM because address size (3) smaller than threshold (5)
INFO: [Synth 8-5544] ROM "lden" won't be mapped to Block RAM because address size (3) smaller than threshold (5)
INFO: [Synth 8-5544] ROM "rdy" won't be mapped to Block RAM because address size (3) smaller than threshold (5)
INFO: [Synth 8-5544] ROM "next" won't be mapped to Block RAM because address size (1) smaller than threshold (5)
INFO: [Synth 8-5544] ROM "next" won't be mapped to Block RAM because address size (1) smaller than threshold (5)
INFO: [Synth 8-5544] ROM "next" won't be mapped to Block RAM because address size (1) smaller than threshold (5)
INFO: [Synth 8-5544] ROM "next" won't be mapped to Block RAM because address size (1) smaller than threshold (5)
INFO: [Synth 8-5544] ROM "next" won't be mapped to Block RAM because address size (1) smaller than threshold (5)
INFO: [Synth 8-5544] ROM "next" won't be mapped to Block RAM because address size (1) smaller than threshold (5)
---------------------------------------------------------------------------------------------------
                   State |                     New Encoding |                Previous Encoding 
---------------------------------------------------------------------------------------------------
                    IDLE |                              000 |                              000
          STAND_BY_START |                              001 |                              100
                   START |                              010 |                              001
                    SEND |                              011 |                              010
           STAND_BY_STOP |                              100 |                              101
                    STOP |                              101 |                              011
---------------------------------------------------------------------------------------------------
INFO: [Synth 8-3354] encoded FSM with state register 'state_reg' using encoding 'sequential' in module 'transmitter'
---------------------------------------------------------------------------------
Finished RTL Optimization Phase 2 : Time (s): cpu = 00:00:11 ; elapsed = 00:00:12 . Memory (MB): peak = 647.563 ; gain = 439.102
---------------------------------------------------------------------------------

Report RTL Partitions: 
+-+--------------+------------+----------+
| |RTL Partition |Replication |Instances |
+-+--------------+------------+----------+
+-+--------------+------------+----------+
---------------------------------------------------------------------------------
Start RTL Component Statistics 
---------------------------------------------------------------------------------
Detailed RTL Component Info : 
+---Adders : 
	   2 Input     14 Bit       Adders := 1     
	   2 Input      4 Bit       Adders := 1     
	   2 Input      3 Bit       Adders := 1     
+---Registers : 
	               14 Bit    Registers := 1     
	                8 Bit    Registers := 1     
	                4 Bit    Registers := 1     
	                1 Bit    Registers := 3     
+---Muxes : 
	   2 Input     14 Bit        Muxes := 1     
	  13 Input      3 Bit        Muxes := 1     
	   2 Input      1 Bit        Muxes := 1     
	   6 Input      1 Bit        Muxes := 5     
---------------------------------------------------------------------------------
Finished RTL Component Statistics 
---------------------------------------------------------------------------------
---------------------------------------------------------------------------------
Start RTL Hierarchical Component Statistics 
---------------------------------------------------------------------------------
Hierarchical RTL Component report 
Module single_pulser 
Detailed RTL Component Info : 
+---Registers : 
	                1 Bit    Registers := 2     
Module clkenb 
Detailed RTL Component Info : 
+---Adders : 
	   2 Input     14 Bit       Adders := 1     
+---Registers : 
	               14 Bit    Registers := 1     
	                1 Bit    Registers := 1     
+---Muxes : 
	   2 Input     14 Bit        Muxes := 1     
	   2 Input      1 Bit        Muxes := 1     
Module reg_parm 
Detailed RTL Component Info : 
+---Registers : 
	                8 Bit    Registers := 1     
Module counter_parm 
Detailed RTL Component Info : 
+---Adders : 
	   2 Input      4 Bit       Adders := 1     
+---Registers : 
	                4 Bit    Registers := 1     
Module transmitter 
Detailed RTL Component Info : 
+---Adders : 
	   2 Input      3 Bit       Adders := 1     
+---Muxes : 
	  13 Input      3 Bit        Muxes := 1     
	   6 Input      1 Bit        Muxes := 5     
---------------------------------------------------------------------------------
Finished RTL Hierarchical Component Statistics
---------------------------------------------------------------------------------
---------------------------------------------------------------------------------
Start Part Resource Summary
---------------------------------------------------------------------------------
Part Resources:
DSPs: 240 (col length:80)
BRAMs: 270 (col length: RAMB18 80 RAMB36 40)
---------------------------------------------------------------------------------
Finished Part Resource Summary
---------------------------------------------------------------------------------
Start Parallel Synthesis Optimization  : Time (s): cpu = 00:00:12 ; elapsed = 00:00:13 . Memory (MB): peak = 647.563 ; gain = 439.102
---------------------------------------------------------------------------------
Start Cross Boundary Optimization
---------------------------------------------------------------------------------
INFO: [Synth 8-5546] ROM "U_TX/U_CLKENB/enb" won't be mapped to RAM because it is too sparse
---------------------------------------------------------------------------------
Finished Cross Boundary Optimization : Time (s): cpu = 00:00:12 ; elapsed = 00:00:13 . Memory (MB): peak = 647.563 ; gain = 439.102
---------------------------------------------------------------------------------
Finished Parallel Reinference  : Time (s): cpu = 00:00:12 ; elapsed = 00:00:13 . Memory (MB): peak = 647.563 ; gain = 439.102

Report RTL Partitions: 
+-+--------------+------------+----------+
| |RTL Partition |Replication |Instances |
+-+--------------+------------+----------+
+-+--------------+------------+----------+
---------------------------------------------------------------------------------
Start Area Optimization
---------------------------------------------------------------------------------
---------------------------------------------------------------------------------
Finished Area Optimization : Time (s): cpu = 00:00:12 ; elapsed = 00:00:13 . Memory (MB): peak = 647.563 ; gain = 439.102
---------------------------------------------------------------------------------
Finished Parallel Area Optimization  : Time (s): cpu = 00:00:12 ; elapsed = 00:00:13 . Memory (MB): peak = 647.563 ; gain = 439.102

Report RTL Partitions: 
+-+--------------+------------+----------+
| |RTL Partition |Replication |Instances |
+-+--------------+------------+----------+
+-+--------------+------------+----------+
---------------------------------------------------------------------------------
Start Timing Optimization
---------------------------------------------------------------------------------
---------------------------------------------------------------------------------
Start Applying XDC Timing Constraints
---------------------------------------------------------------------------------
---------------------------------------------------------------------------------
Finished Applying XDC Timing Constraints : Time (s): cpu = 00:00:19 ; elapsed = 00:00:20 . Memory (MB): peak = 647.563 ; gain = 439.102
---------------------------------------------------------------------------------
---------------------------------------------------------------------------------
Finished Timing Optimization : Time (s): cpu = 00:00:19 ; elapsed = 00:00:20 . Memory (MB): peak = 647.563 ; gain = 439.102
---------------------------------------------------------------------------------

Report RTL Partitions: 
+-+--------------+------------+----------+
| |RTL Partition |Replication |Instances |
+-+--------------+------------+----------+
+-+--------------+------------+----------+
---------------------------------------------------------------------------------
Start Technology Mapping
---------------------------------------------------------------------------------
---------------------------------------------------------------------------------
Finished Technology Mapping : Time (s): cpu = 00:00:19 ; elapsed = 00:00:20 . Memory (MB): peak = 647.563 ; gain = 439.102
---------------------------------------------------------------------------------
Finished Parallel Technology Mapping Optimization  : Time (s): cpu = 00:00:19 ; elapsed = 00:00:20 . Memory (MB): peak = 647.563 ; gain = 439.102

Report RTL Partitions: 
+-+--------------+------------+----------+
| |RTL Partition |Replication |Instances |
+-+--------------+------------+----------+
+-+--------------+------------+----------+
Finished Parallel Synthesis Optimization  : Time (s): cpu = 00:00:19 ; elapsed = 00:00:20 . Memory (MB): peak = 647.563 ; gain = 439.102
---------------------------------------------------------------------------------
Start IO Insertion
---------------------------------------------------------------------------------
---------------------------------------------------------------------------------
Start Flattening Before IO Insertion
---------------------------------------------------------------------------------
---------------------------------------------------------------------------------
Finished Flattening Before IO Insertion
---------------------------------------------------------------------------------
---------------------------------------------------------------------------------
Start Final Netlist Cleanup
---------------------------------------------------------------------------------
---------------------------------------------------------------------------------
Finished Final Netlist Cleanup
---------------------------------------------------------------------------------
---------------------------------------------------------------------------------
Finished IO Insertion : Time (s): cpu = 00:00:19 ; elapsed = 00:00:21 . Memory (MB): peak = 647.563 ; gain = 439.102
---------------------------------------------------------------------------------

Report Check Netlist: 
+------+------------------+-------+---------+-------+------------------+
|      |Item              |Errors |Warnings |Status |Description       |
+------+------------------+-------+---------+-------+------------------+
|1     |multi_driven_nets |      0|        0|Passed |Multi driven nets |
+------+------------------+-------+---------+-------+------------------+
---------------------------------------------------------------------------------
Start Renaming Generated Instances
---------------------------------------------------------------------------------
---------------------------------------------------------------------------------
Finished Renaming Generated Instances : Time (s): cpu = 00:00:19 ; elapsed = 00:00:21 . Memory (MB): peak = 647.563 ; gain = 439.102
---------------------------------------------------------------------------------

Report RTL Partitions: 
+-+--------------+------------+----------+
| |RTL Partition |Replication |Instances |
+-+--------------+------------+----------+
+-+--------------+------------+----------+
---------------------------------------------------------------------------------
Start Rebuilding User Hierarchy
---------------------------------------------------------------------------------
---------------------------------------------------------------------------------
Finished Rebuilding User Hierarchy : Time (s): cpu = 00:00:19 ; elapsed = 00:00:21 . Memory (MB): peak = 647.563 ; gain = 439.102
---------------------------------------------------------------------------------
---------------------------------------------------------------------------------
Start Renaming Generated Ports
---------------------------------------------------------------------------------
---------------------------------------------------------------------------------
Finished Renaming Generated Ports : Time (s): cpu = 00:00:19 ; elapsed = 00:00:21 . Memory (MB): peak = 647.563 ; gain = 439.102
---------------------------------------------------------------------------------
---------------------------------------------------------------------------------
Start Handling Custom Attributes
---------------------------------------------------------------------------------
---------------------------------------------------------------------------------
Finished Handling Custom Attributes : Time (s): cpu = 00:00:19 ; elapsed = 00:00:21 . Memory (MB): peak = 647.563 ; gain = 439.102
---------------------------------------------------------------------------------
---------------------------------------------------------------------------------
Start Renaming Generated Nets
---------------------------------------------------------------------------------
---------------------------------------------------------------------------------
Finished Renaming Generated Nets : Time (s): cpu = 00:00:19 ; elapsed = 00:00:21 . Memory (MB): peak = 647.563 ; gain = 439.102
---------------------------------------------------------------------------------
---------------------------------------------------------------------------------
Start Writing Synthesis Report
---------------------------------------------------------------------------------

Report BlackBoxes: 
+-+--------------+----------+
| |BlackBox name |Instances |
+-+--------------+----------+
+-+--------------+----------+

Report Cell Usage: 
+------+-------+------+
|      |Cell   |Count |
+------+-------+------+
|1     |BUFG   |     1|
|2     |CARRY4 |     4|
|3     |LUT1   |    16|
|4     |LUT2   |    15|
|5     |LUT3   |     4|
|6     |LUT4   |     5|
|7     |LUT5   |     1|
|8     |LUT6   |     7|
|9     |MUXF7  |     1|
|10    |FDRE   |    32|
|11    |IBUF   |    11|
|12    |OBUF   |     3|
+------+-------+------+

Report Instance Areas: 
+------+------------------+--------------+------+
|      |Instance          |Module        |Cells |
+------+------------------+--------------+------+
|1     |top               |              |   100|
|2     |  U_SINGLE_PULSER |single_pulser |     2|
|3     |  U_TX            |transmitter   |    83|
|4     |    U_CLKENB      |clkenb        |    50|
|5     |    U_COUNTER     |counter_parm  |    10|
|6     |    U_SNAPSHOT    |reg_parm      |    12|
+------+------------------+--------------+------+
---------------------------------------------------------------------------------
Finished Writing Synthesis Report : Time (s): cpu = 00:00:19 ; elapsed = 00:00:21 . Memory (MB): peak = 647.563 ; gain = 439.102
---------------------------------------------------------------------------------
Synthesis finished with 0 errors, 0 critical warnings and 0 warnings.
Synthesis Optimization Runtime : Time (s): cpu = 00:00:10 ; elapsed = 00:00:14 . Memory (MB): peak = 647.563 ; gain = 114.938
Synthesis Optimization Complete : Time (s): cpu = 00:00:19 ; elapsed = 00:00:21 . Memory (MB): peak = 647.563 ; gain = 439.102
INFO: [Project 1-571] Translating synthesized netlist
INFO: [Netlist 29-17] Analyzing 15 Unisim elements for replacement
INFO: [Netlist 29-28] Unisim Transformation completed in 0 CPU seconds
INFO: [Project 1-570] Preparing netlist for logic optimization
INFO: [Opt 31-138] Pushed 0 inverter(s) to 0 load pin(s).
INFO: [Project 1-111] Unisim Transformation Summary:
No Unisim elements were transformed.

INFO: [Common 17-83] Releasing license: Synthesis
42 Infos, 0 Warnings, 0 Critical Warnings and 0 Errors encountered.
synth_design completed successfully
synth_design: Time (s): cpu = 00:00:17 ; elapsed = 00:00:19 . Memory (MB): peak = 647.563 ; gain = 413.379
report_utilization: Time (s): cpu = 00:00:00 ; elapsed = 00:00:00.016 . Memory (MB): peak = 647.563 ; gain = 0.000
INFO: [Common 17-206] Exiting Vivado at Thu Sep 08 12:22:22 2016...
