Vivado Simulator 2016.2
Copyright 1986-1999, 2001-2016 Xilinx, Inc. All Rights Reserved.
Running: C:/Xilinx/Vivado/2016.2/bin/unwrapped/win64.o/xelab.exe -wto dd429faf13654bdbaa58cc108d99a37b --debug typical --relax --mt 2 -L xil_defaultlib -L unisims_ver -L unimacro_ver -L secureip --snapshot mx_rcvr_TB_behav xil_defaultlib.mx_rcvr_TB xil_defaultlib.glbl -log elaborate.log 
Using 2 slave threads.
Starting static elaboration
WARNING: [VRFC 10-1037] module mx_rcvr does not have a parameter named BAUD [C:/Users/flynng/Desktop/ECE491/5lab/5lab.srcs/JS_CB/imports/SlukeBennettTestBenchesLab5/mx_rcvr_TB.sv:30]
Completed static elaboration
Starting simulation data flow analysis
WARNING: [XSIM 43-4099] "C:/Users/flynng/Desktop/ECE491/5lab/5lab.srcs/sources_1/imports/Downloads/check_p.sv" Line 37. Module check_p doesn't have a timescale but at least one module in design has a timescale.
WARNING: [XSIM 43-4099] "C:/Users/flynng/Desktop/ECE491/5lab/5lab.srcs/sources_1/imports/Downloads/check_p.sv" Line 37. Module check_p doesn't have a timescale but at least one module in design has a timescale.
Completed simulation data flow analysis
Time Resolution for simulation is 1ps
Compiling module xil_defaultlib.fsm_pll
Compiling module xil_defaultlib.fsm_psfd
Compiling module xil_defaultlib.fsm_data
Compiling module xil_defaultlib.one_bit_ff
Compiling module xil_defaultlib.sync_input
Compiling module xil_defaultlib.FSMs
Compiling module xil_defaultlib.data_buffer
Compiling module xil_defaultlib.clkenb(DIVFREQ=800000)
Compiling module xil_defaultlib.clkenb(DIVFREQ=3200000)
Compiling module xil_defaultlib.counter
Compiling module xil_defaultlib.counter(MAX=127)
Compiling module xil_defaultlib.counter(MAX=63)
Compiling module xil_defaultlib.f_error
Compiling module xil_defaultlib.correlator(LEN=128,PATTERN=128'b...
Compiling module xil_defaultlib.correlator(LEN=256,PATTERN=256'b...
Compiling module xil_defaultlib.correlator(LEN=64,PATTERN=64'b11...
Compiling module xil_defaultlib.correlator(LEN=64,PATTERN=64'b11...
Compiling module xil_defaultlib.mx_rcvr_default
Compiling module xil_defaultlib.mx_rcvr_TB
Compiling module xil_defaultlib.glbl
Compiling package xil_defaultlib.check_p
Built simulation snapshot mx_rcvr_TB_behav
