INFO: [VRFC 10-2263] Analyzing SystemVerilog file "C:/Users/flynng/Desktop/ECE491/lab1/seven_seg.sv" into library xil_defaultlib
INFO: [VRFC 10-311] analyzing module seven_seg
INFO: [VRFC 10-2263] Analyzing SystemVerilog file "C:/Users/flynng/Desktop/ECE491/lab1/mux8_parm.sv" into library xil_defaultlib
INFO: [VRFC 10-311] analyzing module mux8_parm
INFO: [VRFC 10-2263] Analyzing SystemVerilog file "C:/Users/flynng/Desktop/ECE491/lab1/decoder_3_8_en.sv" into library xil_defaultlib
INFO: [VRFC 10-311] analyzing module decoder_3_8_en
INFO: [VRFC 10-2263] Analyzing SystemVerilog file "C:/Users/flynng/Desktop/ECE491/lab1/counter_parm.sv" into library xil_defaultlib
INFO: [VRFC 10-311] analyzing module counter_parm
INFO: [VRFC 10-2263] Analyzing SystemVerilog file "C:/Users/flynng/Desktop/ECE491/lab1/clkenb.sv" into library xil_defaultlib
INFO: [VRFC 10-311] analyzing module clkenb
INFO: [VRFC 10-2263] Analyzing SystemVerilog file "C:/Users/flynng/Desktop/ECE491/lab1/reg_param.sv" into library xil_defaultlib
INFO: [VRFC 10-311] analyzing module reg_parm
INFO: [VRFC 10-2263] Analyzing SystemVerilog file "C:/Users/flynng/Desktop/ECE491/lab1/dispctl.sv" into library xil_defaultlib
INFO: [VRFC 10-311] analyzing module dispctl
INFO: [VRFC 10-2263] Analyzing SystemVerilog file "C:/Users/flynng/Desktop/ECE491/lab1/nexys4DDR.sv" into library xil_defaultlib
INFO: [VRFC 10-311] analyzing module nexys4DDR
INFO: [VRFC 10-2263] Analyzing SystemVerilog file "C:/Users/flynng/Desktop/ECE491/lab1/lab_1.srcs/sim_1/new/decoder_3-8_test.sv" into library xil_defaultlib
INFO: [VRFC 10-311] analyzing module decoder_3_8_test
INFO: [VRFC 10-2263] Analyzing Verilog file "C:/Users/flynng/Desktop/ECE491/lab1/lab_1.sim/sim_1/behav/glbl.v" into library xil_defaultlib
INFO: [VRFC 10-311] analyzing module glbl
