Unable to capture context for thread 8852 in process 9452, can not generate back trace
Exception at PC 0x000007FEE085BB93
Printing stacktrace...

Unable to capture context for thread 8852 in process 9452, can not generate back trace
Exception at PC 0x000007FEFD7AA06D
Exception at PC 0x000007FEFD7AA06D
Exception at PC 0x000007FEFD7AA06D
Exception at PC 0x000007FEFD7AA06D
Exception at PC 0x000007FEFD7AA06D
Unable to capture context for thread 8612 in process 9452, can not generate back trace
Exception at PC 0x000007FEFD7AA06D
Exception at PC 0x000007FEFD7AA06D
Unable to capture context for thread 9768 in process 9452, can not generate back trace
Exception at PC 0x000007FEFD7AA06D
Exception at PC 0x000007FEFD7AA06D
Exception at PC 0x000007FEFD7AA06D
Exception at PC 0x000007FEFD7AA06D
Exception at PC 0x000007FEFD7AA06D
Exception at PC 0x000007FEFD7AA06D
Exception at PC 0x000007FEFD7AA06D
Exception at PC 0x000007FEFD7AA06D
Exception at PC 0x000007FEFD7AA06D
Exception at PC 0x000007FEFD7AA06D
[0]  [0x000007FEE085BB93]
[1]  [0x000007FEE085BB93]
[2]  [0x000007FEE085B4A1]
[3]  [0x000007FEE085B3EF]
[4]  [0x000007FEE08419FE]
[5]  [0x000007FEE0840ED1]
[6]  [0x000007FEE0840D76]
[7]  [0x000007FEE07E79F6]
[8]  [0x000007FEE07D7AFB]
[9]  [0x000007FEE08FE90A]
[10]  [0x000007FEE0919F87]
[11]  [0x000007FEE091A05F]
[12] (BaseThreadInitThunk+0xd) [0x00000000778859BD]
[13] (RtlUserThreadStart+0x21) [0x00000000779BA2E1]
Done
