
*** Running vivado
    with args -log mx_rcvr.vds -m64 -mode batch -messageDb vivado.pb -notrace -source mx_rcvr.tcl


****** Vivado v2016.2 (64-bit)
  **** SW Build 1577090 on Thu Jun  2 16:32:40 MDT 2016
  **** IP Build 1577682 on Fri Jun  3 12:00:54 MDT 2016
    ** Copyright 1986-2016 Xilinx, Inc. All Rights Reserved.

source mx_rcvr.tcl -notrace
Command: synth_design -top mx_rcvr -part xc7a100tcsg324-1
Starting synth_design
Attempting to get a license for feature 'Synthesis' and/or device 'xc7a100t'
INFO: [Common 17-349] Got license for feature 'Synthesis' and/or device 'xc7a100t'
INFO: Launching helper process for spawning children vivado processes
INFO: Helper process launched with PID 8588 
WARNING: [Synth 8-1921] elaboration system task error violates IEEE 1800 syntax [C:/Users/flynng/Desktop/ECE491/5lab/5lab.srcs/sources_1/imports/imports/sources_1/imports/lab2.srcs/sources_1/imports/lab1/clkenb.sv:35]
WARNING: [Synth 8-2507] parameter declaration becomes local in mx_rcvr with formal parameter declaration list [C:/Users/flynng/Desktop/ECE491/5lab/5lab.srcs/sources_1/new/mx_rcvr.sv:68]
WARNING: [Synth 8-2507] parameter declaration becomes local in mx_rcvr with formal parameter declaration list [C:/Users/flynng/Desktop/ECE491/5lab/5lab.srcs/sources_1/new/mx_rcvr.sv:74]
WARNING: [Synth 8-2507] parameter declaration becomes local in mx_rcvr with formal parameter declaration list [C:/Users/flynng/Desktop/ECE491/5lab/5lab.srcs/sources_1/new/mx_rcvr.sv:75]
WARNING: [Synth 8-2507] parameter declaration becomes local in mx_rcvr with formal parameter declaration list [C:/Users/flynng/Desktop/ECE491/5lab/5lab.srcs/sources_1/new/mx_rcvr.sv:76]
---------------------------------------------------------------------------------
Starting Synthesize : Time (s): cpu = 00:00:04 ; elapsed = 00:00:05 . Memory (MB): peak = 326.473 ; gain = 118.898
---------------------------------------------------------------------------------
INFO: [Synth 8-638] synthesizing module 'mx_rcvr' [C:/Users/flynng/Desktop/ECE491/5lab/5lab.srcs/sources_1/new/mx_rcvr.sv:23]
	Parameter BIT_RATE bound to: 50000 - type: integer 
	Parameter PREAMBLE_PATTERN bound to: 128'b11111111000000000000000011111111111111110000000000000000111111111111111100000000000000001111111111111111000000000000000011111111 
	Parameter SFD_PATTERN bound to: 256'b1111111100000000000000001111111111111111000000000000000011111111111111110000000000000000111111111111111100000000000000001111111100000000111111110000000011111111000000001111111100000000111111111111111100000000000000001111111111111111000000001111111100000000 
	Parameter ONE_PATTERN bound to: 64'b1111111111111111111111111111111100000000000000000000000000000000 
	Parameter IDLE_PATTERN bound to: 64'b1111111111111111111111111111111111111111111111111111111111111111 
INFO: [Synth 8-638] synthesizing module 'FSMs' [C:/Users/flynng/Desktop/ECE491/5lab/5lab.srcs/sources_1/new/FSMs.sv:23]
INFO: [Synth 8-638] synthesizing module 'fsm_pll' [C:/Users/flynng/Desktop/ECE491/5lab/5lab.srcs/sources_1/imports/5lab/fsm_pll.sv:24]
INFO: [Synth 8-294] found qualifier unique on case statement: implementing as parallel_case [C:/Users/flynng/Desktop/ECE491/5lab/5lab.srcs/sources_1/imports/5lab/fsm_pll.sv:68]
WARNING: [Synth 8-87] always_comb on 'next_reg' did not result in combinational logic [C:/Users/flynng/Desktop/ECE491/5lab/5lab.srcs/sources_1/imports/5lab/fsm_pll.sv:71]
INFO: [Synth 8-256] done synthesizing module 'fsm_pll' (1#1) [C:/Users/flynng/Desktop/ECE491/5lab/5lab.srcs/sources_1/imports/5lab/fsm_pll.sv:24]
WARNING: [Synth 8-689] width (7) of port connection 'sample_count' does not match port width (6) of module 'fsm_pll' [C:/Users/flynng/Desktop/ECE491/5lab/5lab.srcs/sources_1/new/FSMs.sv:36]
INFO: [Synth 8-638] synthesizing module 'fsm_psfd' [C:/Users/flynng/Desktop/ECE491/5lab/5lab.srcs/sources_1/imports/5lab/fsm_psfd.sv:25]
INFO: [Synth 8-294] found qualifier unique on case statement: implementing as parallel_case [C:/Users/flynng/Desktop/ECE491/5lab/5lab.srcs/sources_1/imports/5lab/fsm_psfd.sv:58]
INFO: [Synth 8-256] done synthesizing module 'fsm_psfd' (2#1) [C:/Users/flynng/Desktop/ECE491/5lab/5lab.srcs/sources_1/imports/5lab/fsm_psfd.sv:25]
INFO: [Synth 8-638] synthesizing module 'fsm_data' [C:/Users/flynng/Desktop/ECE491/5lab/5lab.srcs/sources_1/imports/5lab/fsm_data.sv:24]
INFO: [Synth 8-294] found qualifier unique on case statement: implementing as parallel_case [C:/Users/flynng/Desktop/ECE491/5lab/5lab.srcs/sources_1/imports/5lab/fsm_data.sv:59]
INFO: [Synth 8-226] default block is never used [C:/Users/flynng/Desktop/ECE491/5lab/5lab.srcs/sources_1/imports/5lab/fsm_data.sv:59]
INFO: [Synth 8-256] done synthesizing module 'fsm_data' (3#1) [C:/Users/flynng/Desktop/ECE491/5lab/5lab.srcs/sources_1/imports/5lab/fsm_data.sv:24]
WARNING: [Synth 8-689] width (7) of port connection 'sample_count' does not match port width (6) of module 'fsm_data' [C:/Users/flynng/Desktop/ECE491/5lab/5lab.srcs/sources_1/new/FSMs.sv:44]
WARNING: [Synth 8-3848] Net store_data in module/entity FSMs does not have driver. [C:/Users/flynng/Desktop/ECE491/5lab/5lab.srcs/sources_1/new/FSMs.sv:30]
WARNING: [Synth 8-3848] Net clr_ferr in module/entity FSMs does not have driver. [C:/Users/flynng/Desktop/ECE491/5lab/5lab.srcs/sources_1/new/FSMs.sv:31]
WARNING: [Synth 8-3848] Net data_done in module/entity FSMs does not have driver. [C:/Users/flynng/Desktop/ECE491/5lab/5lab.srcs/sources_1/new/FSMs.sv:35]
INFO: [Synth 8-256] done synthesizing module 'FSMs' (4#1) [C:/Users/flynng/Desktop/ECE491/5lab/5lab.srcs/sources_1/new/FSMs.sv:23]
WARNING: [Synth 8-689] width (1) of port connection 'slow_sample_count' does not match port width (7) of module 'FSMs' [C:/Users/flynng/Desktop/ECE491/5lab/5lab.srcs/sources_1/new/mx_rcvr.sv:39]
WARNING: [Synth 8-689] width (1) of port connection 'sample_count' does not match port width (7) of module 'FSMs' [C:/Users/flynng/Desktop/ECE491/5lab/5lab.srcs/sources_1/new/mx_rcvr.sv:41]
WARNING: [Synth 8-689] width (1) of port connection 'bit_count' does not match port width (3) of module 'FSMs' [C:/Users/flynng/Desktop/ECE491/5lab/5lab.srcs/sources_1/new/mx_rcvr.sv:42]
WARNING: [Synth 8-350] instance 'U_FSM' of module 'FSMs' requires 25 connections, but only 22 given [C:/Users/flynng/Desktop/ECE491/5lab/5lab.srcs/sources_1/new/mx_rcvr.sv:39]
INFO: [Synth 8-638] synthesizing module 'data_buffer' [C:/Users/flynng/Desktop/ECE491/5lab/5lab.srcs/sources_1/new/data_buffer.sv:23]
INFO: [Synth 8-256] done synthesizing module 'data_buffer' (5#1) [C:/Users/flynng/Desktop/ECE491/5lab/5lab.srcs/sources_1/new/data_buffer.sv:23]
INFO: [Synth 8-638] synthesizing module 'sync_input' [C:/Users/flynng/Desktop/ECE491/5lab/5lab.srcs/sources_1/new/sync_input.sv:23]
INFO: [Synth 8-256] done synthesizing module 'sync_input' (6#1) [C:/Users/flynng/Desktop/ECE491/5lab/5lab.srcs/sources_1/new/sync_input.sv:23]
INFO: [Synth 8-638] synthesizing module 'clkenb' [C:/Users/flynng/Desktop/ECE491/5lab/5lab.srcs/sources_1/imports/imports/sources_1/imports/lab2.srcs/sources_1/imports/lab1/clkenb.sv:23]
	Parameter DIVFREQ bound to: 800000 - type: integer 
	Parameter CLKFREQ bound to: 100000000 - type: integer 
	Parameter DIVAMT bound to: 125 - type: integer 
	Parameter DIVBITS bound to: 7 - type: integer 
INFO: [Synth 8-256] done synthesizing module 'clkenb' (7#1) [C:/Users/flynng/Desktop/ECE491/5lab/5lab.srcs/sources_1/imports/imports/sources_1/imports/lab2.srcs/sources_1/imports/lab1/clkenb.sv:23]
WARNING: [Synth 8-350] instance 'U_SLOW_SAMPLE' of module 'clkenb' requires 4 connections, but only 2 given [C:/Users/flynng/Desktop/ECE491/5lab/5lab.srcs/sources_1/new/mx_rcvr.sv:53]
INFO: [Synth 8-638] synthesizing module 'clkenb__parameterized0' [C:/Users/flynng/Desktop/ECE491/5lab/5lab.srcs/sources_1/imports/imports/sources_1/imports/lab2.srcs/sources_1/imports/lab1/clkenb.sv:23]
	Parameter DIVFREQ bound to: 3200000 - type: integer 
	Parameter CLKFREQ bound to: 100000000 - type: integer 
	Parameter DIVAMT bound to: 31 - type: integer 
	Parameter DIVBITS bound to: 5 - type: integer 
INFO: [Synth 8-256] done synthesizing module 'clkenb__parameterized0' (7#1) [C:/Users/flynng/Desktop/ECE491/5lab/5lab.srcs/sources_1/imports/imports/sources_1/imports/lab2.srcs/sources_1/imports/lab1/clkenb.sv:23]
WARNING: [Synth 8-350] instance 'U_SAMPLE' of module 'clkenb' requires 4 connections, but only 2 given [C:/Users/flynng/Desktop/ECE491/5lab/5lab.srcs/sources_1/new/mx_rcvr.sv:54]
INFO: [Synth 8-638] synthesizing module 'counter' [C:/Users/flynng/Desktop/ECE491/5lab/5lab.srcs/sources_1/new/counter.sv:23]
	Parameter MAX bound to: 7 - type: integer 
INFO: [Synth 8-256] done synthesizing module 'counter' (8#1) [C:/Users/flynng/Desktop/ECE491/5lab/5lab.srcs/sources_1/new/counter.sv:23]
WARNING: [Synth 8-689] width (1) of port connection 'q' does not match port width (3) of module 'counter' [C:/Users/flynng/Desktop/ECE491/5lab/5lab.srcs/sources_1/new/mx_rcvr.sv:57]
WARNING: [Synth 8-350] instance 'U_BIT_COUNT' of module 'counter' requires 6 connections, but only 4 given [C:/Users/flynng/Desktop/ECE491/5lab/5lab.srcs/sources_1/new/mx_rcvr.sv:57]
INFO: [Synth 8-638] synthesizing module 'counter__parameterized0' [C:/Users/flynng/Desktop/ECE491/5lab/5lab.srcs/sources_1/new/counter.sv:23]
	Parameter MAX bound to: 127 - type: integer 
INFO: [Synth 8-256] done synthesizing module 'counter__parameterized0' (8#1) [C:/Users/flynng/Desktop/ECE491/5lab/5lab.srcs/sources_1/new/counter.sv:23]
WARNING: [Synth 8-689] width (1) of port connection 'q' does not match port width (7) of module 'counter__parameterized0' [C:/Users/flynng/Desktop/ECE491/5lab/5lab.srcs/sources_1/new/mx_rcvr.sv:59]
WARNING: [Synth 8-350] instance 'U_SLOW_COUNT' of module 'counter' requires 6 connections, but only 4 given [C:/Users/flynng/Desktop/ECE491/5lab/5lab.srcs/sources_1/new/mx_rcvr.sv:58]
INFO: [Synth 8-638] synthesizing module 'counter__parameterized1' [C:/Users/flynng/Desktop/ECE491/5lab/5lab.srcs/sources_1/new/counter.sv:23]
	Parameter MAX bound to: 63 - type: integer 
INFO: [Synth 8-256] done synthesizing module 'counter__parameterized1' (8#1) [C:/Users/flynng/Desktop/ECE491/5lab/5lab.srcs/sources_1/new/counter.sv:23]
WARNING: [Synth 8-689] width (1) of port connection 'q' does not match port width (6) of module 'counter__parameterized1' [C:/Users/flynng/Desktop/ECE491/5lab/5lab.srcs/sources_1/new/mx_rcvr.sv:62]
INFO: [Synth 8-638] synthesizing module 'f_error' [C:/Users/flynng/Desktop/ECE491/5lab/5lab.srcs/sources_1/imports/new/f_error.sv:23]
INFO: [Synth 8-256] done synthesizing module 'f_error' (9#1) [C:/Users/flynng/Desktop/ECE491/5lab/5lab.srcs/sources_1/imports/new/f_error.sv:23]
INFO: [Synth 8-638] synthesizing module 'correlator' [C:/Users/flynng/Desktop/ECE491/5lab/5lab.srcs/sources_1/new/correlator.sv:21]
	Parameter LEN bound to: 128 - type: integer 
	Parameter PATTERN bound to: 128'b11111111000000000000000011111111111111110000000000000000111111111111111100000000000000001111111111111111000000000000000011111111 
	Parameter HTHRESH bound to: 8'b01100100 
	Parameter LTHRESH bound to: 3 - type: integer 
	Parameter W bound to: 8 - type: integer 
INFO: [Synth 8-256] done synthesizing module 'correlator' (10#1) [C:/Users/flynng/Desktop/ECE491/5lab/5lab.srcs/sources_1/new/correlator.sv:21]
WARNING: [Synth 8-350] instance 'U_PREAMBLE_CORR' of module 'correlator' requires 7 connections, but only 5 given [C:/Users/flynng/Desktop/ECE491/5lab/5lab.srcs/sources_1/new/mx_rcvr.sv:78]
INFO: [Synth 8-638] synthesizing module 'correlator__parameterized0' [C:/Users/flynng/Desktop/ECE491/5lab/5lab.srcs/sources_1/new/correlator.sv:21]
	Parameter LEN bound to: 256 - type: integer 
	Parameter PATTERN bound to: 256'b1111111100000000000000001111111111111111000000000000000011111111111111110000000000000000111111111111111100000000000000001111111100000000111111110000000011111111000000001111111100000000111111111111111100000000000000001111111111111111000000001111111100000000 
	Parameter HTHRESH bound to: 8'b11001000 
	Parameter LTHRESH bound to: 3 - type: integer 
	Parameter W bound to: 9 - type: integer 
INFO: [Synth 8-256] done synthesizing module 'correlator__parameterized0' (10#1) [C:/Users/flynng/Desktop/ECE491/5lab/5lab.srcs/sources_1/new/correlator.sv:21]
WARNING: [Synth 8-350] instance 'U_SFD_CORR' of module 'correlator' requires 7 connections, but only 5 given [C:/Users/flynng/Desktop/ECE491/5lab/5lab.srcs/sources_1/new/mx_rcvr.sv:80]
INFO: [Synth 8-638] synthesizing module 'correlator__parameterized1' [C:/Users/flynng/Desktop/ECE491/5lab/5lab.srcs/sources_1/new/correlator.sv:21]
	Parameter LEN bound to: 64 - type: integer 
	Parameter PATTERN bound to: 64'b1111111111111111111111111111111100000000000000000000000000000000 
	Parameter HTHRESH bound to: 8'b00110010 
	Parameter LTHRESH bound to: 3 - type: integer 
	Parameter W bound to: 7 - type: integer 
INFO: [Synth 8-256] done synthesizing module 'correlator__parameterized1' (10#1) [C:/Users/flynng/Desktop/ECE491/5lab/5lab.srcs/sources_1/new/correlator.sv:21]
INFO: [Synth 8-638] synthesizing module 'correlator__parameterized2' [C:/Users/flynng/Desktop/ECE491/5lab/5lab.srcs/sources_1/new/correlator.sv:21]
	Parameter LEN bound to: 64 - type: integer 
	Parameter PATTERN bound to: 64'b1111111111111111111111111111111111111111111111111111111111111111 
	Parameter HTHRESH bound to: 8'b00110010 
	Parameter LTHRESH bound to: 3 - type: integer 
	Parameter W bound to: 7 - type: integer 
INFO: [Synth 8-256] done synthesizing module 'correlator__parameterized2' (10#1) [C:/Users/flynng/Desktop/ECE491/5lab/5lab.srcs/sources_1/new/correlator.sv:21]
WARNING: [Synth 8-350] instance 'U_IDLE_N_ERROR_CORR' of module 'correlator' requires 7 connections, but only 6 given [C:/Users/flynng/Desktop/ECE491/5lab/5lab.srcs/sources_1/new/mx_rcvr.sv:85]
WARNING: [Synth 8-3848] Net clr_ferr in module/entity mx_rcvr does not have driver. [C:/Users/flynng/Desktop/ECE491/5lab/5lab.srcs/sources_1/new/mx_rcvr.sv:35]
INFO: [Synth 8-256] done synthesizing module 'mx_rcvr' (11#1) [C:/Users/flynng/Desktop/ECE491/5lab/5lab.srcs/sources_1/new/mx_rcvr.sv:23]
WARNING: [Synth 8-3331] design fsm_psfd has unconnected port sample_count[6]
WARNING: [Synth 8-3331] design fsm_psfd has unconnected port sample_count[5]
WARNING: [Synth 8-3331] design fsm_psfd has unconnected port sample_count[4]
WARNING: [Synth 8-3331] design fsm_psfd has unconnected port sample_count[3]
WARNING: [Synth 8-3331] design fsm_psfd has unconnected port sample_count[2]
WARNING: [Synth 8-3331] design fsm_psfd has unconnected port sample_count[1]
WARNING: [Synth 8-3331] design fsm_psfd has unconnected port sample_count[0]
WARNING: [Synth 8-3331] design FSMs has unconnected port store_data
WARNING: [Synth 8-3331] design FSMs has unconnected port clr_ferr
---------------------------------------------------------------------------------
Finished Synthesize : Time (s): cpu = 00:00:04 ; elapsed = 00:00:06 . Memory (MB): peak = 352.320 ; gain = 144.746
---------------------------------------------------------------------------------
---------------------------------------------------------------------------------
Finished Constraint Validation : Time (s): cpu = 00:00:04 ; elapsed = 00:00:06 . Memory (MB): peak = 352.320 ; gain = 144.746
---------------------------------------------------------------------------------
---------------------------------------------------------------------------------
Start Loading Part and Timing Information
---------------------------------------------------------------------------------
Loading part: xc7a100tcsg324-1
---------------------------------------------------------------------------------
Finished Loading Part and Timing Information : Time (s): cpu = 00:00:04 ; elapsed = 00:00:06 . Memory (MB): peak = 352.320 ; gain = 144.746
---------------------------------------------------------------------------------
INFO: [Device 21-403] Loading part xc7a100tcsg324-1
INFO: [Synth 8-802] inferred FSM for state register 'state_reg' in module 'fsm_pll'
INFO: [Synth 8-5544] ROM "sample_dec" won't be mapped to Block RAM because address size (4) smaller than threshold (5)
INFO: [Synth 8-5544] ROM "sample_inc" won't be mapped to Block RAM because address size (4) smaller than threshold (5)
INFO: [Synth 8-5544] ROM "next" won't be mapped to Block RAM because address size (1) smaller than threshold (5)
INFO: [Synth 8-5544] ROM "next" won't be mapped to Block RAM because address size (1) smaller than threshold (5)
INFO: [Synth 8-5544] ROM "next" won't be mapped to Block RAM because address size (1) smaller than threshold (5)
INFO: [Synth 8-802] inferred FSM for state register 'state_reg' in module 'fsm_psfd'
INFO: [Synth 8-5544] ROM "cardet" won't be mapped to Block RAM because address size (3) smaller than threshold (5)
INFO: [Synth 8-5544] ROM "bit_count_reset" won't be mapped to Block RAM because address size (3) smaller than threshold (5)
INFO: [Synth 8-5544] ROM "slow_sample_reset" won't be mapped to Block RAM because address size (3) smaller than threshold (5)
INFO: [Synth 8-5544] ROM "enable_pll" won't be mapped to Block RAM because address size (3) smaller than threshold (5)
INFO: [Synth 8-5544] ROM "next" won't be mapped to Block RAM because address size (1) smaller than threshold (5)
INFO: [Synth 8-5544] ROM "next" won't be mapped to Block RAM because address size (1) smaller than threshold (5)
INFO: [Synth 8-5544] ROM "next" won't be mapped to Block RAM because address size (1) smaller than threshold (5)
INFO: [Synth 8-802] inferred FSM for state register 'state_reg' in module 'fsm_data'
INFO: [Synth 8-5544] ROM "set_ferr" won't be mapped to Block RAM because address size (3) smaller than threshold (5)
INFO: [Synth 8-5544] ROM "store_byte" won't be mapped to Block RAM because address size (3) smaller than threshold (5)
INFO: [Synth 8-5544] ROM "store_bit" won't be mapped to Block RAM because address size (3) smaller than threshold (5)
INFO: [Synth 8-5544] ROM "data_bit" won't be mapped to Block RAM because address size (3) smaller than threshold (5)
INFO: [Synth 8-5544] ROM "next" won't be mapped to Block RAM because address size (3) smaller than threshold (5)
INFO: [Synth 8-5544] ROM "next" won't be mapped to Block RAM because address size (1) smaller than threshold (5)
INFO: [Synth 8-5544] ROM "next" won't be mapped to Block RAM because address size (3) smaller than threshold (5)
INFO: [Synth 8-5544] ROM "next" won't be mapped to Block RAM because address size (1) smaller than threshold (5)
INFO: [Synth 8-5546] ROM "enb" won't be mapped to RAM because it is too sparse
INFO: [Synth 8-5546] ROM "enb" won't be mapped to RAM because it is too sparse
WARNING: [Synth 8-327] inferring latch for variable 'next_reg' [C:/Users/flynng/Desktop/ECE491/5lab/5lab.srcs/sources_1/imports/5lab/fsm_pll.sv:71]
WARNING: [Synth 8-327] inferring latch for variable 'next_reg' [C:/Users/flynng/Desktop/ECE491/5lab/5lab.srcs/sources_1/imports/5lab/fsm_pll.sv:71]
---------------------------------------------------------------------------------------------------
                   State |                     New Encoding |                Previous Encoding 
---------------------------------------------------------------------------------------------------
                    IDLE |                              000 |                             0000
                    WAIT |                              001 |                             0001
             FIND_MINMAX |                              010 |                             0010
         UPDATE_TIME_MAX |                              011 |                             0101
         UPDATE_TIME_MIN |                              100 |                             0110
                 INC_DEC |                              101 |                             1001
              UPDATE_MAX |                              110 |                             0011
---------------------------------------------------------------------------------------------------
INFO: [Synth 8-3354] encoded FSM with state register 'state_reg' using encoding 'sequential' in module 'fsm_pll'
WARNING: [Synth 8-327] inferring latch for variable 'FSM_sequential_next_reg' [C:/Users/flynng/Desktop/ECE491/5lab/5lab.srcs/sources_1/imports/5lab/fsm_pll.sv:71]
---------------------------------------------------------------------------------------------------
                   State |                     New Encoding |                Previous Encoding 
---------------------------------------------------------------------------------------------------
                    IDLE |                              000 |                              000
          PREAMBLE_MATCH |                              001 |                              001
       RESET_SLOW_SAMPLE |                              010 |                              010
               SFD_MAYBE |                              011 |                              011
                   START |                              100 |                              100
---------------------------------------------------------------------------------------------------
INFO: [Synth 8-3354] encoded FSM with state register 'state_reg' using encoding 'sequential' in module 'fsm_psfd'
---------------------------------------------------------------------------------------------------
                   State |                     New Encoding |                Previous Encoding 
---------------------------------------------------------------------------------------------------
                    IDLE |                              000 |                              000
           START_RECIEVE |                              001 |                              001
               FOUND_ONE |                              010 |                              010
              FOUND_ZERO |                              011 |                              011
              STORE_DATA |                              100 |                              100
               BYTE_DONE |                              101 |                              101
           WAIT_FOR_NEXT |                              110 |                              110
                   ERROR |                              111 |                              111
---------------------------------------------------------------------------------------------------
INFO: [Synth 8-3354] encoded FSM with state register 'state_reg' using encoding 'sequential' in module 'fsm_data'
---------------------------------------------------------------------------------
Finished RTL Optimization Phase 2 : Time (s): cpu = 00:00:05 ; elapsed = 00:00:06 . Memory (MB): peak = 396.277 ; gain = 188.703
---------------------------------------------------------------------------------

Report RTL Partitions: 
+-+--------------+------------+----------+
| |RTL Partition |Replication |Instances |
+-+--------------+------------+----------+
+-+--------------+------------+----------+
No constraint files found.
---------------------------------------------------------------------------------
Start RTL Component Statistics 
---------------------------------------------------------------------------------
Detailed RTL Component Info : 
+---Adders : 
	 256 Input      9 Bit       Adders := 1     
	 128 Input      8 Bit       Adders := 1     
	   2 Input      7 Bit       Adders := 2     
	  64 Input      7 Bit       Adders := 2     
	   2 Input      6 Bit       Adders := 1     
	   2 Input      5 Bit       Adders := 1     
	   2 Input      3 Bit       Adders := 1     
+---XORs : 
	   2 Input    256 Bit         XORs := 1     
	   2 Input    128 Bit         XORs := 1     
	   2 Input     64 Bit         XORs := 1     
+---Registers : 
	              256 Bit    Registers := 1     
	              128 Bit    Registers := 1     
	               64 Bit    Registers := 2     
	                8 Bit    Registers := 2     
	                7 Bit    Registers := 2     
	                6 Bit    Registers := 1     
	                5 Bit    Registers := 1     
	                3 Bit    Registers := 1     
	                1 Bit    Registers := 6     
+---Muxes : 
	   2 Input      8 Bit        Muxes := 1     
	   2 Input      5 Bit        Muxes := 1     
	   7 Input      4 Bit        Muxes := 1     
	  13 Input      3 Bit        Muxes := 2     
	  17 Input      3 Bit        Muxes := 1     
	   2 Input      2 Bit        Muxes := 3     
	   5 Input      1 Bit        Muxes := 4     
	   8 Input      1 Bit        Muxes := 4     
	   2 Input      1 Bit        Muxes := 7     
---------------------------------------------------------------------------------
Finished RTL Component Statistics 
---------------------------------------------------------------------------------
---------------------------------------------------------------------------------
Start RTL Hierarchical Component Statistics 
---------------------------------------------------------------------------------
Hierarchical RTL Component report 
Module fsm_pll 
Detailed RTL Component Info : 
+---Muxes : 
	   7 Input      4 Bit        Muxes := 1     
	  13 Input      3 Bit        Muxes := 1     
Module fsm_psfd 
Detailed RTL Component Info : 
+---Muxes : 
	  13 Input      3 Bit        Muxes := 1     
	   5 Input      1 Bit        Muxes := 4     
Module fsm_data 
Detailed RTL Component Info : 
+---Muxes : 
	  17 Input      3 Bit        Muxes := 1     
	   8 Input      1 Bit        Muxes := 4     
Module data_buffer 
Detailed RTL Component Info : 
+---Registers : 
	                8 Bit    Registers := 2     
+---Muxes : 
	   2 Input      8 Bit        Muxes := 1     
	   2 Input      1 Bit        Muxes := 1     
Module sync_input 
Detailed RTL Component Info : 
+---Registers : 
	                1 Bit    Registers := 1     
Module clkenb 
Detailed RTL Component Info : 
+---Adders : 
	   2 Input      7 Bit       Adders := 1     
+---Registers : 
	                7 Bit    Registers := 1     
	                1 Bit    Registers := 2     
+---Muxes : 
	   2 Input      1 Bit        Muxes := 1     
Module clkenb__parameterized0 
Detailed RTL Component Info : 
+---Adders : 
	   2 Input      5 Bit       Adders := 1     
+---Registers : 
	                5 Bit    Registers := 1     
	                1 Bit    Registers := 2     
+---Muxes : 
	   2 Input      5 Bit        Muxes := 1     
	   2 Input      1 Bit        Muxes := 1     
Module counter 
Detailed RTL Component Info : 
+---Adders : 
	   2 Input      3 Bit       Adders := 1     
+---Registers : 
	                3 Bit    Registers := 1     
+---Muxes : 
	   2 Input      2 Bit        Muxes := 1     
	   2 Input      1 Bit        Muxes := 1     
Module counter__parameterized0 
Detailed RTL Component Info : 
+---Adders : 
	   2 Input      7 Bit       Adders := 1     
+---Registers : 
	                7 Bit    Registers := 1     
+---Muxes : 
	   2 Input      2 Bit        Muxes := 1     
	   2 Input      1 Bit        Muxes := 1     
Module counter__parameterized1 
Detailed RTL Component Info : 
+---Adders : 
	   2 Input      6 Bit       Adders := 1     
+---Registers : 
	                6 Bit    Registers := 1     
+---Muxes : 
	   2 Input      2 Bit        Muxes := 1     
	   2 Input      1 Bit        Muxes := 1     
Module f_error 
Detailed RTL Component Info : 
+---Registers : 
	                1 Bit    Registers := 1     
+---Muxes : 
	   2 Input      1 Bit        Muxes := 1     
Module correlator 
Detailed RTL Component Info : 
+---Adders : 
	 128 Input      8 Bit       Adders := 1     
+---XORs : 
	   2 Input    128 Bit         XORs := 1     
+---Registers : 
	              128 Bit    Registers := 1     
Module correlator__parameterized0 
Detailed RTL Component Info : 
+---Adders : 
	 256 Input      9 Bit       Adders := 1     
+---XORs : 
	   2 Input    256 Bit         XORs := 1     
+---Registers : 
	              256 Bit    Registers := 1     
Module correlator__parameterized1 
Detailed RTL Component Info : 
+---Adders : 
	  64 Input      7 Bit       Adders := 1     
+---XORs : 
	   2 Input     64 Bit         XORs := 1     
+---Registers : 
	               64 Bit    Registers := 1     
Module correlator__parameterized2 
Detailed RTL Component Info : 
+---Adders : 
	  64 Input      7 Bit       Adders := 1     
+---Registers : 
	               64 Bit    Registers := 1     
---------------------------------------------------------------------------------
Finished RTL Hierarchical Component Statistics
---------------------------------------------------------------------------------
---------------------------------------------------------------------------------
Start Part Resource Summary
---------------------------------------------------------------------------------
Part Resources:
DSPs: 240 (col length:80)
BRAMs: 270 (col length: RAMB18 80 RAMB36 40)
---------------------------------------------------------------------------------
Finished Part Resource Summary
---------------------------------------------------------------------------------
Start Parallel Synthesis Optimization  : Time (s): cpu = 00:00:07 ; elapsed = 00:00:08 . Memory (MB): peak = 479.707 ; gain = 272.133
---------------------------------------------------------------------------------
Start Cross Boundary Optimization
---------------------------------------------------------------------------------
INFO: [Synth 8-5546] ROM "U_SAMPLE/enb" won't be mapped to RAM because it is too sparse
INFO: [Synth 8-5546] ROM "U_SLOW_SAMPLE/enb" won't be mapped to RAM because it is too sparse
INFO: [Synth 8-5546] ROM "U_SLOW_SAMPLE/enb" won't be mapped to RAM because it is too sparse
---------------------------------------------------------------------------------
Finished Cross Boundary Optimization : Time (s): cpu = 00:00:07 ; elapsed = 00:00:08 . Memory (MB): peak = 480.852 ; gain = 273.277
---------------------------------------------------------------------------------
Finished Parallel Reinference  : Time (s): cpu = 00:00:07 ; elapsed = 00:00:08 . Memory (MB): peak = 480.852 ; gain = 273.277

Report RTL Partitions: 
+-+--------------+------------+----------+
| |RTL Partition |Replication |Instances |
+-+--------------+------------+----------+
+-+--------------+------------+----------+
No constraint files found.
---------------------------------------------------------------------------------
Start Area Optimization
---------------------------------------------------------------------------------
INFO: [Synth 8-3886] merging instance 'U_ONE_N_ZERO_CORR/shreg_reg[0]' (FDRE) to 'U_IDLE_N_ERROR_CORR/shreg_reg[0]'
INFO: [Synth 8-3886] merging instance 'U_ONE_N_ZERO_CORR/shreg_reg[1]' (FDRE) to 'U_IDLE_N_ERROR_CORR/shreg_reg[1]'
INFO: [Synth 8-3886] merging instance 'U_ONE_N_ZERO_CORR/shreg_reg[2]' (FDRE) to 'U_IDLE_N_ERROR_CORR/shreg_reg[2]'
INFO: [Synth 8-3886] merging instance 'U_IDLE_N_ERROR_CORR/shreg_reg[3]' (FDRE) to 'U_ONE_N_ZERO_CORR/shreg_reg[3]'
INFO: [Synth 8-3886] merging instance 'U_IDLE_N_ERROR_CORR/shreg_reg[4]' (FDRE) to 'U_ONE_N_ZERO_CORR/shreg_reg[4]'
INFO: [Synth 8-3886] merging instance 'U_IDLE_N_ERROR_CORR/shreg_reg[5]' (FDRE) to 'U_ONE_N_ZERO_CORR/shreg_reg[5]'
INFO: [Synth 8-3886] merging instance 'U_PREAMBLE_CORR/shreg_reg[0]' (FDRE) to 'U_SFD_CORR/shreg_reg[0]'
INFO: [Synth 8-3886] merging instance 'U_PREAMBLE_CORR/shreg_reg[1]' (FDRE) to 'U_SFD_CORR/shreg_reg[1]'
INFO: [Synth 8-3886] merging instance 'U_PREAMBLE_CORR/shreg_reg[2]' (FDRE) to 'U_SFD_CORR/shreg_reg[2]'
INFO: [Synth 8-3886] merging instance 'U_SFD_CORR/shreg_reg[3]' (FDRE) to 'U_PREAMBLE_CORR/shreg_reg[3]'
INFO: [Synth 8-3886] merging instance 'U_SFD_CORR/shreg_reg[4]' (FDRE) to 'U_PREAMBLE_CORR/shreg_reg[4]'
INFO: [Synth 8-3886] merging instance 'U_SFD_CORR/shreg_reg[5]' (FDRE) to 'U_PREAMBLE_CORR/shreg_reg[5]'
INFO: [Synth 8-3886] merging instance 'U_ONE_N_ZERO_CORR/shreg_reg[6]' (FDRE) to 'U_IDLE_N_ERROR_CORR/shreg_reg[6]'
INFO: [Synth 8-3886] merging instance 'U_ONE_N_ZERO_CORR/shreg_reg[7]' (FDRE) to 'U_IDLE_N_ERROR_CORR/shreg_reg[7]'
INFO: [Synth 8-3886] merging instance 'U_ONE_N_ZERO_CORR/shreg_reg[8]' (FDRE) to 'U_IDLE_N_ERROR_CORR/shreg_reg[8]'
INFO: [Synth 8-3886] merging instance 'U_IDLE_N_ERROR_CORR/shreg_reg[9]' (FDRE) to 'U_ONE_N_ZERO_CORR/shreg_reg[9]'
INFO: [Synth 8-3886] merging instance 'U_IDLE_N_ERROR_CORR/shreg_reg[10]' (FDRE) to 'U_ONE_N_ZERO_CORR/shreg_reg[10]'
INFO: [Synth 8-3886] merging instance 'U_IDLE_N_ERROR_CORR/shreg_reg[11]' (FDRE) to 'U_ONE_N_ZERO_CORR/shreg_reg[11]'
INFO: [Synth 8-3886] merging instance 'U_SFD_CORR/shreg_reg[6]' (FDRE) to 'U_PREAMBLE_CORR/shreg_reg[6]'
INFO: [Synth 8-3886] merging instance 'U_ONE_N_ZERO_CORR/shreg_reg[12]' (FDRE) to 'U_IDLE_N_ERROR_CORR/shreg_reg[12]'
INFO: [Synth 8-3886] merging instance 'U_ONE_N_ZERO_CORR/shreg_reg[13]' (FDRE) to 'U_IDLE_N_ERROR_CORR/shreg_reg[13]'
INFO: [Synth 8-3886] merging instance 'U_ONE_N_ZERO_CORR/shreg_reg[14]' (FDRE) to 'U_IDLE_N_ERROR_CORR/shreg_reg[14]'
INFO: [Synth 8-3886] merging instance 'U_IDLE_N_ERROR_CORR/shreg_reg[15]' (FDRE) to 'U_ONE_N_ZERO_CORR/shreg_reg[15]'
INFO: [Synth 8-3886] merging instance 'U_SFD_CORR/shreg_reg[7]' (FDRE) to 'U_PREAMBLE_CORR/shreg_reg[7]'
INFO: [Synth 8-3886] merging instance 'U_SFD_CORR/shreg_reg[8]' (FDRE) to 'U_PREAMBLE_CORR/shreg_reg[8]'
INFO: [Synth 8-3886] merging instance 'U_ONE_N_ZERO_CORR/shreg_reg[16]' (FDRE) to 'U_IDLE_N_ERROR_CORR/shreg_reg[16]'
INFO: [Synth 8-3886] merging instance 'U_ONE_N_ZERO_CORR/shreg_reg[17]' (FDRE) to 'U_IDLE_N_ERROR_CORR/shreg_reg[17]'
INFO: [Synth 8-3886] merging instance 'U_IDLE_N_ERROR_CORR/shreg_reg[18]' (FDRE) to 'U_ONE_N_ZERO_CORR/shreg_reg[18]'
INFO: [Synth 8-3886] merging instance 'U_SFD_CORR/shreg_reg[9]' (FDRE) to 'U_PREAMBLE_CORR/shreg_reg[9]'
INFO: [Synth 8-3886] merging instance 'U_ONE_N_ZERO_CORR/shreg_reg[19]' (FDRE) to 'U_IDLE_N_ERROR_CORR/shreg_reg[19]'
INFO: [Synth 8-3886] merging instance 'U_ONE_N_ZERO_CORR/shreg_reg[20]' (FDRE) to 'U_IDLE_N_ERROR_CORR/shreg_reg[20]'
INFO: [Synth 8-3886] merging instance 'U_IDLE_N_ERROR_CORR/shreg_reg[21]' (FDRE) to 'U_ONE_N_ZERO_CORR/shreg_reg[21]'
INFO: [Synth 8-3886] merging instance 'U_IDLE_N_ERROR_CORR/shreg_reg[22]' (FDRE) to 'U_ONE_N_ZERO_CORR/shreg_reg[22]'
INFO: [Synth 8-3886] merging instance 'U_IDLE_N_ERROR_CORR/shreg_reg[23]' (FDRE) to 'U_ONE_N_ZERO_CORR/shreg_reg[23]'
INFO: [Synth 8-3886] merging instance 'U_SFD_CORR/shreg_reg[10]' (FDRE) to 'U_PREAMBLE_CORR/shreg_reg[10]'
INFO: [Synth 8-3886] merging instance 'U_SFD_CORR/shreg_reg[11]' (FDRE) to 'U_PREAMBLE_CORR/shreg_reg[11]'
INFO: [Synth 8-3886] merging instance 'U_ONE_N_ZERO_CORR/shreg_reg[24]' (FDRE) to 'U_IDLE_N_ERROR_CORR/shreg_reg[24]'
INFO: [Synth 8-3886] merging instance 'U_ONE_N_ZERO_CORR/shreg_reg[25]' (FDRE) to 'U_IDLE_N_ERROR_CORR/shreg_reg[25]'
INFO: [Synth 8-3886] merging instance 'U_ONE_N_ZERO_CORR/shreg_reg[26]' (FDRE) to 'U_IDLE_N_ERROR_CORR/shreg_reg[26]'
INFO: [Synth 8-3886] merging instance 'U_IDLE_N_ERROR_CORR/shreg_reg[27]' (FDRE) to 'U_ONE_N_ZERO_CORR/shreg_reg[27]'
INFO: [Synth 8-3886] merging instance 'U_IDLE_N_ERROR_CORR/shreg_reg[28]' (FDRE) to 'U_ONE_N_ZERO_CORR/shreg_reg[28]'
INFO: [Synth 8-3886] merging instance 'U_IDLE_N_ERROR_CORR/shreg_reg[29]' (FDRE) to 'U_ONE_N_ZERO_CORR/shreg_reg[29]'
INFO: [Synth 8-3886] merging instance 'U_SFD_CORR/shreg_reg[12]' (FDRE) to 'U_PREAMBLE_CORR/shreg_reg[12]'
INFO: [Synth 8-3886] merging instance 'U_SFD_CORR/shreg_reg[13]' (FDRE) to 'U_PREAMBLE_CORR/shreg_reg[13]'
INFO: [Synth 8-3886] merging instance 'U_SFD_CORR/shreg_reg[14]' (FDRE) to 'U_PREAMBLE_CORR/shreg_reg[14]'
INFO: [Synth 8-3886] merging instance 'U_ONE_N_ZERO_CORR/shreg_reg[30]' (FDRE) to 'U_IDLE_N_ERROR_CORR/shreg_reg[30]'
INFO: [Synth 8-3886] merging instance 'U_ONE_N_ZERO_CORR/shreg_reg[31]' (FDRE) to 'U_IDLE_N_ERROR_CORR/shreg_reg[31]'
INFO: [Synth 8-3886] merging instance 'U_ONE_N_ZERO_CORR/shreg_reg[32]' (FDRE) to 'U_IDLE_N_ERROR_CORR/shreg_reg[32]'
INFO: [Synth 8-3886] merging instance 'U_IDLE_N_ERROR_CORR/shreg_reg[33]' (FDRE) to 'U_ONE_N_ZERO_CORR/shreg_reg[33]'
INFO: [Synth 8-3886] merging instance 'U_SFD_CORR/shreg_reg[15]' (FDRE) to 'U_PREAMBLE_CORR/shreg_reg[15]'
INFO: [Synth 8-3886] merging instance 'U_ONE_N_ZERO_CORR/shreg_reg[34]' (FDRE) to 'U_IDLE_N_ERROR_CORR/shreg_reg[34]'
INFO: [Synth 8-3886] merging instance 'U_ONE_N_ZERO_CORR/shreg_reg[35]' (FDRE) to 'U_IDLE_N_ERROR_CORR/shreg_reg[35]'
INFO: [Synth 8-3886] merging instance 'U_IDLE_N_ERROR_CORR/shreg_reg[36]' (FDRE) to 'U_ONE_N_ZERO_CORR/shreg_reg[36]'
INFO: [Synth 8-3886] merging instance 'U_IDLE_N_ERROR_CORR/shreg_reg[37]' (FDRE) to 'U_ONE_N_ZERO_CORR/shreg_reg[37]'
INFO: [Synth 8-3886] merging instance 'U_IDLE_N_ERROR_CORR/shreg_reg[38]' (FDRE) to 'U_ONE_N_ZERO_CORR/shreg_reg[38]'
INFO: [Synth 8-3886] merging instance 'U_SFD_CORR/shreg_reg[16]' (FDRE) to 'U_PREAMBLE_CORR/shreg_reg[16]'
INFO: [Synth 8-3886] merging instance 'U_SFD_CORR/shreg_reg[17]' (FDRE) to 'U_PREAMBLE_CORR/shreg_reg[17]'
INFO: [Synth 8-3886] merging instance 'U_ONE_N_ZERO_CORR/shreg_reg[39]' (FDRE) to 'U_IDLE_N_ERROR_CORR/shreg_reg[39]'
INFO: [Synth 8-3886] merging instance 'U_ONE_N_ZERO_CORR/shreg_reg[40]' (FDRE) to 'U_IDLE_N_ERROR_CORR/shreg_reg[40]'
INFO: [Synth 8-3886] merging instance 'U_ONE_N_ZERO_CORR/shreg_reg[41]' (FDRE) to 'U_IDLE_N_ERROR_CORR/shreg_reg[41]'
INFO: [Synth 8-3886] merging instance 'U_IDLE_N_ERROR_CORR/shreg_reg[42]' (FDRE) to 'U_ONE_N_ZERO_CORR/shreg_reg[42]'
INFO: [Synth 8-3886] merging instance 'U_SFD_CORR/shreg_reg[18]' (FDRE) to 'U_PREAMBLE_CORR/shreg_reg[18]'
INFO: [Synth 8-3886] merging instance 'U_ONE_N_ZERO_CORR/shreg_reg[43]' (FDRE) to 'U_IDLE_N_ERROR_CORR/shreg_reg[43]'
INFO: [Synth 8-3886] merging instance 'U_ONE_N_ZERO_CORR/shreg_reg[44]' (FDRE) to 'U_IDLE_N_ERROR_CORR/shreg_reg[44]'
INFO: [Synth 8-3886] merging instance 'U_IDLE_N_ERROR_CORR/shreg_reg[45]' (FDRE) to 'U_ONE_N_ZERO_CORR/shreg_reg[45]'
INFO: [Synth 8-3886] merging instance 'U_SFD_CORR/shreg_reg[19]' (FDRE) to 'U_PREAMBLE_CORR/shreg_reg[19]'
INFO: [Synth 8-3886] merging instance 'U_SFD_CORR/shreg_reg[20]' (FDRE) to 'U_PREAMBLE_CORR/shreg_reg[20]'
INFO: [Synth 8-3886] merging instance 'U_ONE_N_ZERO_CORR/shreg_reg[46]' (FDRE) to 'U_IDLE_N_ERROR_CORR/shreg_reg[46]'
INFO: [Synth 8-3886] merging instance 'U_ONE_N_ZERO_CORR/shreg_reg[47]' (FDRE) to 'U_IDLE_N_ERROR_CORR/shreg_reg[47]'
INFO: [Synth 8-3886] merging instance 'U_IDLE_N_ERROR_CORR/shreg_reg[48]' (FDRE) to 'U_ONE_N_ZERO_CORR/shreg_reg[48]'
INFO: [Synth 8-3886] merging instance 'U_IDLE_N_ERROR_CORR/shreg_reg[49]' (FDRE) to 'U_ONE_N_ZERO_CORR/shreg_reg[49]'
INFO: [Synth 8-3886] merging instance 'U_IDLE_N_ERROR_CORR/shreg_reg[50]' (FDRE) to 'U_ONE_N_ZERO_CORR/shreg_reg[50]'
INFO: [Synth 8-3886] merging instance 'U_SFD_CORR/shreg_reg[21]' (FDRE) to 'U_PREAMBLE_CORR/shreg_reg[21]'
INFO: [Synth 8-3886] merging instance 'U_SFD_CORR/shreg_reg[22]' (FDRE) to 'U_PREAMBLE_CORR/shreg_reg[22]'
INFO: [Synth 8-3886] merging instance 'U_SFD_CORR/shreg_reg[23]' (FDRE) to 'U_PREAMBLE_CORR/shreg_reg[23]'
INFO: [Synth 8-3886] merging instance 'U_ONE_N_ZERO_CORR/shreg_reg[51]' (FDRE) to 'U_IDLE_N_ERROR_CORR/shreg_reg[51]'
INFO: [Synth 8-3886] merging instance 'U_ONE_N_ZERO_CORR/shreg_reg[52]' (FDRE) to 'U_IDLE_N_ERROR_CORR/shreg_reg[52]'
INFO: [Synth 8-3886] merging instance 'U_ONE_N_ZERO_CORR/shreg_reg[53]' (FDRE) to 'U_IDLE_N_ERROR_CORR/shreg_reg[53]'
INFO: [Synth 8-3886] merging instance 'U_IDLE_N_ERROR_CORR/shreg_reg[54]' (FDRE) to 'U_ONE_N_ZERO_CORR/shreg_reg[54]'
INFO: [Synth 8-3886] merging instance 'U_SFD_CORR/shreg_reg[24]' (FDRE) to 'U_PREAMBLE_CORR/shreg_reg[24]'
INFO: [Synth 8-3886] merging instance 'U_ONE_N_ZERO_CORR/shreg_reg[55]' (FDRE) to 'U_IDLE_N_ERROR_CORR/shreg_reg[55]'
INFO: [Synth 8-3886] merging instance 'U_ONE_N_ZERO_CORR/shreg_reg[56]' (FDRE) to 'U_IDLE_N_ERROR_CORR/shreg_reg[56]'
INFO: [Synth 8-3886] merging instance 'U_IDLE_N_ERROR_CORR/shreg_reg[57]' (FDRE) to 'U_ONE_N_ZERO_CORR/shreg_reg[57]'
INFO: [Synth 8-3886] merging instance 'U_IDLE_N_ERROR_CORR/shreg_reg[58]' (FDRE) to 'U_ONE_N_ZERO_CORR/shreg_reg[58]'
INFO: [Synth 8-3886] merging instance 'U_IDLE_N_ERROR_CORR/shreg_reg[59]' (FDRE) to 'U_ONE_N_ZERO_CORR/shreg_reg[59]'
INFO: [Synth 8-3886] merging instance 'U_SFD_CORR/shreg_reg[25]' (FDRE) to 'U_PREAMBLE_CORR/shreg_reg[25]'
INFO: [Synth 8-3886] merging instance 'U_SFD_CORR/shreg_reg[26]' (FDRE) to 'U_PREAMBLE_CORR/shreg_reg[26]'
INFO: [Synth 8-3886] merging instance 'U_ONE_N_ZERO_CORR/shreg_reg[60]' (FDRE) to 'U_IDLE_N_ERROR_CORR/shreg_reg[60]'
INFO: [Synth 8-3886] merging instance 'U_IDLE_N_ERROR_CORR/shreg_reg[61]' (FDRE) to 'U_ONE_N_ZERO_CORR/shreg_reg[61]'
INFO: [Synth 8-3886] merging instance 'U_IDLE_N_ERROR_CORR/shreg_reg[62]' (FDRE) to 'U_ONE_N_ZERO_CORR/shreg_reg[62]'
INFO: [Synth 8-3886] merging instance 'U_SFD_CORR/shreg_reg[27]' (FDRE) to 'U_PREAMBLE_CORR/shreg_reg[27]'
INFO: [Synth 8-3886] merging instance 'U_ONE_N_ZERO_CORR/shreg_reg[63]' (FDRE) to 'U_IDLE_N_ERROR_CORR/shreg_reg[63]'
INFO: [Synth 8-3886] merging instance 'U_SFD_CORR/shreg_reg[28]' (FDRE) to 'U_PREAMBLE_CORR/shreg_reg[28]'
INFO: [Synth 8-3886] merging instance 'U_SFD_CORR/shreg_reg[29]' (FDRE) to 'U_PREAMBLE_CORR/shreg_reg[29]'
INFO: [Synth 8-3886] merging instance 'U_SFD_CORR/shreg_reg[30]' (FDRE) to 'U_PREAMBLE_CORR/shreg_reg[30]'
INFO: [Synth 8-3886] merging instance 'U_SFD_CORR/shreg_reg[31]' (FDRE) to 'U_PREAMBLE_CORR/shreg_reg[31]'
INFO: [Synth 8-3886] merging instance 'U_SFD_CORR/shreg_reg[32]' (FDRE) to 'U_PREAMBLE_CORR/shreg_reg[32]'
WARNING: [Synth 8-3332] Sequential element (U_SFD_CORR/shreg_reg[255]) is unused and will be removed from module mx_rcvr.
WARNING: [Synth 8-3332] Sequential element (U_SFD_CORR/shreg_reg[254]) is unused and will be removed from module mx_rcvr.
WARNING: [Synth 8-3332] Sequential element (U_SFD_CORR/shreg_reg[253]) is unused and will be removed from module mx_rcvr.
WARNING: [Synth 8-3332] Sequential element (U_SFD_CORR/shreg_reg[252]) is unused and will be removed from module mx_rcvr.
WARNING: [Synth 8-3332] Sequential element (U_SFD_CORR/shreg_reg[251]) is unused and will be removed from module mx_rcvr.
WARNING: [Synth 8-3332] Sequential element (U_SFD_CORR/shreg_reg[250]) is unused and will be removed from module mx_rcvr.
WARNING: [Synth 8-3332] Sequential element (U_SFD_CORR/shreg_reg[249]) is unused and will be removed from module mx_rcvr.
WARNING: [Synth 8-3332] Sequential element (U_SFD_CORR/shreg_reg[248]) is unused and will be removed from module mx_rcvr.
WARNING: [Synth 8-3332] Sequential element (U_SFD_CORR/shreg_reg[247]) is unused and will be removed from module mx_rcvr.
WARNING: [Synth 8-3332] Sequential element (U_SFD_CORR/shreg_reg[246]) is unused and will be removed from module mx_rcvr.
WARNING: [Synth 8-3332] Sequential element (U_SFD_CORR/shreg_reg[245]) is unused and will be removed from module mx_rcvr.
WARNING: [Synth 8-3332] Sequential element (U_SFD_CORR/shreg_reg[244]) is unused and will be removed from module mx_rcvr.
WARNING: [Synth 8-3332] Sequential element (U_SFD_CORR/shreg_reg[243]) is unused and will be removed from module mx_rcvr.
WARNING: [Synth 8-3332] Sequential element (U_SFD_CORR/shreg_reg[242]) is unused and will be removed from module mx_rcvr.
WARNING: [Synth 8-3332] Sequential element (U_SFD_CORR/shreg_reg[241]) is unused and will be removed from module mx_rcvr.
WARNING: [Synth 8-3332] Sequential element (U_SFD_CORR/shreg_reg[240]) is unused and will be removed from module mx_rcvr.
WARNING: [Synth 8-3332] Sequential element (U_SFD_CORR/shreg_reg[239]) is unused and will be removed from module mx_rcvr.
WARNING: [Synth 8-3332] Sequential element (U_SFD_CORR/shreg_reg[238]) is unused and will be removed from module mx_rcvr.
WARNING: [Synth 8-3332] Sequential element (U_SFD_CORR/shreg_reg[237]) is unused and will be removed from module mx_rcvr.
WARNING: [Synth 8-3332] Sequential element (U_SFD_CORR/shreg_reg[236]) is unused and will be removed from module mx_rcvr.
WARNING: [Synth 8-3332] Sequential element (U_SFD_CORR/shreg_reg[235]) is unused and will be removed from module mx_rcvr.
WARNING: [Synth 8-3332] Sequential element (U_SFD_CORR/shreg_reg[234]) is unused and will be removed from module mx_rcvr.
WARNING: [Synth 8-3332] Sequential element (U_SFD_CORR/shreg_reg[233]) is unused and will be removed from module mx_rcvr.
WARNING: [Synth 8-3332] Sequential element (U_SFD_CORR/shreg_reg[232]) is unused and will be removed from module mx_rcvr.
WARNING: [Synth 8-3332] Sequential element (U_SFD_CORR/shreg_reg[231]) is unused and will be removed from module mx_rcvr.
WARNING: [Synth 8-3332] Sequential element (U_SFD_CORR/shreg_reg[230]) is unused and will be removed from module mx_rcvr.
WARNING: [Synth 8-3332] Sequential element (U_SFD_CORR/shreg_reg[229]) is unused and will be removed from module mx_rcvr.
WARNING: [Synth 8-3332] Sequential element (U_SFD_CORR/shreg_reg[228]) is unused and will be removed from module mx_rcvr.
WARNING: [Synth 8-3332] Sequential element (U_SFD_CORR/shreg_reg[227]) is unused and will be removed from module mx_rcvr.
WARNING: [Synth 8-3332] Sequential element (U_SFD_CORR/shreg_reg[226]) is unused and will be removed from module mx_rcvr.
WARNING: [Synth 8-3332] Sequential element (U_SFD_CORR/shreg_reg[225]) is unused and will be removed from module mx_rcvr.
WARNING: [Synth 8-3332] Sequential element (U_SFD_CORR/shreg_reg[224]) is unused and will be removed from module mx_rcvr.
WARNING: [Synth 8-3332] Sequential element (U_SFD_CORR/shreg_reg[223]) is unused and will be removed from module mx_rcvr.
WARNING: [Synth 8-3332] Sequential element (U_SFD_CORR/shreg_reg[222]) is unused and will be removed from module mx_rcvr.
WARNING: [Synth 8-3332] Sequential element (U_SFD_CORR/shreg_reg[221]) is unused and will be removed from module mx_rcvr.
WARNING: [Synth 8-3332] Sequential element (U_SFD_CORR/shreg_reg[220]) is unused and will be removed from module mx_rcvr.
WARNING: [Synth 8-3332] Sequential element (U_SFD_CORR/shreg_reg[219]) is unused and will be removed from module mx_rcvr.
WARNING: [Synth 8-3332] Sequential element (U_SFD_CORR/shreg_reg[218]) is unused and will be removed from module mx_rcvr.
WARNING: [Synth 8-3332] Sequential element (U_SFD_CORR/shreg_reg[217]) is unused and will be removed from module mx_rcvr.
WARNING: [Synth 8-3332] Sequential element (U_SFD_CORR/shreg_reg[216]) is unused and will be removed from module mx_rcvr.
WARNING: [Synth 8-3332] Sequential element (U_SFD_CORR/shreg_reg[215]) is unused and will be removed from module mx_rcvr.
WARNING: [Synth 8-3332] Sequential element (U_SFD_CORR/shreg_reg[214]) is unused and will be removed from module mx_rcvr.
WARNING: [Synth 8-3332] Sequential element (U_SFD_CORR/shreg_reg[213]) is unused and will be removed from module mx_rcvr.
WARNING: [Synth 8-3332] Sequential element (U_SFD_CORR/shreg_reg[212]) is unused and will be removed from module mx_rcvr.
WARNING: [Synth 8-3332] Sequential element (U_SFD_CORR/shreg_reg[211]) is unused and will be removed from module mx_rcvr.
WARNING: [Synth 8-3332] Sequential element (U_SFD_CORR/shreg_reg[210]) is unused and will be removed from module mx_rcvr.
WARNING: [Synth 8-3332] Sequential element (U_SFD_CORR/shreg_reg[209]) is unused and will be removed from module mx_rcvr.
WARNING: [Synth 8-3332] Sequential element (U_SFD_CORR/shreg_reg[208]) is unused and will be removed from module mx_rcvr.
WARNING: [Synth 8-3332] Sequential element (U_SFD_CORR/shreg_reg[207]) is unused and will be removed from module mx_rcvr.
WARNING: [Synth 8-3332] Sequential element (U_SFD_CORR/shreg_reg[206]) is unused and will be removed from module mx_rcvr.
WARNING: [Synth 8-3332] Sequential element (U_SFD_CORR/shreg_reg[205]) is unused and will be removed from module mx_rcvr.
WARNING: [Synth 8-3332] Sequential element (U_SFD_CORR/shreg_reg[204]) is unused and will be removed from module mx_rcvr.
WARNING: [Synth 8-3332] Sequential element (U_SFD_CORR/shreg_reg[203]) is unused and will be removed from module mx_rcvr.
WARNING: [Synth 8-3332] Sequential element (U_SFD_CORR/shreg_reg[202]) is unused and will be removed from module mx_rcvr.
WARNING: [Synth 8-3332] Sequential element (U_SFD_CORR/shreg_reg[201]) is unused and will be removed from module mx_rcvr.
WARNING: [Synth 8-3332] Sequential element (U_SFD_CORR/shreg_reg[200]) is unused and will be removed from module mx_rcvr.
WARNING: [Synth 8-3332] Sequential element (U_SFD_CORR/shreg_reg[199]) is unused and will be removed from module mx_rcvr.
WARNING: [Synth 8-3332] Sequential element (U_SFD_CORR/shreg_reg[198]) is unused and will be removed from module mx_rcvr.
WARNING: [Synth 8-3332] Sequential element (U_SFD_CORR/shreg_reg[197]) is unused and will be removed from module mx_rcvr.
WARNING: [Synth 8-3332] Sequential element (U_SFD_CORR/shreg_reg[196]) is unused and will be removed from module mx_rcvr.
WARNING: [Synth 8-3332] Sequential element (U_SFD_CORR/shreg_reg[195]) is unused and will be removed from module mx_rcvr.
WARNING: [Synth 8-3332] Sequential element (U_SFD_CORR/shreg_reg[194]) is unused and will be removed from module mx_rcvr.
WARNING: [Synth 8-3332] Sequential element (U_SFD_CORR/shreg_reg[193]) is unused and will be removed from module mx_rcvr.
WARNING: [Synth 8-3332] Sequential element (U_SFD_CORR/shreg_reg[192]) is unused and will be removed from module mx_rcvr.
WARNING: [Synth 8-3332] Sequential element (U_SFD_CORR/shreg_reg[191]) is unused and will be removed from module mx_rcvr.
WARNING: [Synth 8-3332] Sequential element (U_SFD_CORR/shreg_reg[190]) is unused and will be removed from module mx_rcvr.
WARNING: [Synth 8-3332] Sequential element (U_SFD_CORR/shreg_reg[189]) is unused and will be removed from module mx_rcvr.
WARNING: [Synth 8-3332] Sequential element (U_SFD_CORR/shreg_reg[188]) is unused and will be removed from module mx_rcvr.
WARNING: [Synth 8-3332] Sequential element (U_SFD_CORR/shreg_reg[187]) is unused and will be removed from module mx_rcvr.
WARNING: [Synth 8-3332] Sequential element (U_SFD_CORR/shreg_reg[186]) is unused and will be removed from module mx_rcvr.
WARNING: [Synth 8-3332] Sequential element (U_SFD_CORR/shreg_reg[185]) is unused and will be removed from module mx_rcvr.
WARNING: [Synth 8-3332] Sequential element (U_SFD_CORR/shreg_reg[184]) is unused and will be removed from module mx_rcvr.
WARNING: [Synth 8-3332] Sequential element (U_SFD_CORR/shreg_reg[183]) is unused and will be removed from module mx_rcvr.
WARNING: [Synth 8-3332] Sequential element (U_SFD_CORR/shreg_reg[182]) is unused and will be removed from module mx_rcvr.
WARNING: [Synth 8-3332] Sequential element (U_SFD_CORR/shreg_reg[181]) is unused and will be removed from module mx_rcvr.
WARNING: [Synth 8-3332] Sequential element (U_SFD_CORR/shreg_reg[180]) is unused and will be removed from module mx_rcvr.
WARNING: [Synth 8-3332] Sequential element (U_SFD_CORR/shreg_reg[179]) is unused and will be removed from module mx_rcvr.
WARNING: [Synth 8-3332] Sequential element (U_SFD_CORR/shreg_reg[178]) is unused and will be removed from module mx_rcvr.
WARNING: [Synth 8-3332] Sequential element (U_SFD_CORR/shreg_reg[177]) is unused and will be removed from module mx_rcvr.
WARNING: [Synth 8-3332] Sequential element (U_SFD_CORR/shreg_reg[176]) is unused and will be removed from module mx_rcvr.
WARNING: [Synth 8-3332] Sequential element (U_SFD_CORR/shreg_reg[175]) is unused and will be removed from module mx_rcvr.
WARNING: [Synth 8-3332] Sequential element (U_SFD_CORR/shreg_reg[174]) is unused and will be removed from module mx_rcvr.
WARNING: [Synth 8-3332] Sequential element (U_SFD_CORR/shreg_reg[173]) is unused and will be removed from module mx_rcvr.
WARNING: [Synth 8-3332] Sequential element (U_SFD_CORR/shreg_reg[172]) is unused and will be removed from module mx_rcvr.
WARNING: [Synth 8-3332] Sequential element (U_SFD_CORR/shreg_reg[171]) is unused and will be removed from module mx_rcvr.
WARNING: [Synth 8-3332] Sequential element (U_SFD_CORR/shreg_reg[170]) is unused and will be removed from module mx_rcvr.
WARNING: [Synth 8-3332] Sequential element (U_SFD_CORR/shreg_reg[169]) is unused and will be removed from module mx_rcvr.
WARNING: [Synth 8-3332] Sequential element (U_SFD_CORR/shreg_reg[168]) is unused and will be removed from module mx_rcvr.
WARNING: [Synth 8-3332] Sequential element (U_SFD_CORR/shreg_reg[167]) is unused and will be removed from module mx_rcvr.
WARNING: [Synth 8-3332] Sequential element (U_SFD_CORR/shreg_reg[166]) is unused and will be removed from module mx_rcvr.
WARNING: [Synth 8-3332] Sequential element (U_SFD_CORR/shreg_reg[165]) is unused and will be removed from module mx_rcvr.
WARNING: [Synth 8-3332] Sequential element (U_SFD_CORR/shreg_reg[164]) is unused and will be removed from module mx_rcvr.
WARNING: [Synth 8-3332] Sequential element (U_SFD_CORR/shreg_reg[163]) is unused and will be removed from module mx_rcvr.
WARNING: [Synth 8-3332] Sequential element (U_SFD_CORR/shreg_reg[162]) is unused and will be removed from module mx_rcvr.
WARNING: [Synth 8-3332] Sequential element (U_SFD_CORR/shreg_reg[161]) is unused and will be removed from module mx_rcvr.
WARNING: [Synth 8-3332] Sequential element (U_SFD_CORR/shreg_reg[160]) is unused and will be removed from module mx_rcvr.
WARNING: [Synth 8-3332] Sequential element (U_SFD_CORR/shreg_reg[159]) is unused and will be removed from module mx_rcvr.
WARNING: [Synth 8-3332] Sequential element (U_SFD_CORR/shreg_reg[158]) is unused and will be removed from module mx_rcvr.
WARNING: [Synth 8-3332] Sequential element (U_SFD_CORR/shreg_reg[157]) is unused and will be removed from module mx_rcvr.
WARNING: [Synth 8-3332] Sequential element (U_SFD_CORR/shreg_reg[156]) is unused and will be removed from module mx_rcvr.
INFO: [Common 17-14] Message 'Synth 8-3332' appears 100 times and further instances of the messages will be disabled. Use the Tcl command set_msg_config to change the current settings.
---------------------------------------------------------------------------------
Finished Area Optimization : Time (s): cpu = 00:00:14 ; elapsed = 00:00:16 . Memory (MB): peak = 548.094 ; gain = 340.520
---------------------------------------------------------------------------------
Finished Parallel Area Optimization  : Time (s): cpu = 00:00:14 ; elapsed = 00:00:16 . Memory (MB): peak = 548.094 ; gain = 340.520

Report RTL Partitions: 
+-+--------------+------------+----------+
| |RTL Partition |Replication |Instances |
+-+--------------+------------+----------+
+-+--------------+------------+----------+
---------------------------------------------------------------------------------
Start Timing Optimization
---------------------------------------------------------------------------------
No constraint files found.
---------------------------------------------------------------------------------
Finished Timing Optimization : Time (s): cpu = 00:00:14 ; elapsed = 00:00:16 . Memory (MB): peak = 548.094 ; gain = 340.520
---------------------------------------------------------------------------------

Report RTL Partitions: 
+-+--------------+------------+----------+
| |RTL Partition |Replication |Instances |
+-+--------------+------------+----------+
+-+--------------+------------+----------+
---------------------------------------------------------------------------------
Start Technology Mapping
---------------------------------------------------------------------------------
INFO: [Synth 8-3333] propagating constant 0 across sequential element (\U_DATA/data_reg[0] )
INFO: [Synth 8-3333] propagating constant 0 across sequential element (\U_DATA/data_reg[1] )
INFO: [Synth 8-3333] propagating constant 0 across sequential element (\U_DATA/data_reg[2] )
INFO: [Synth 8-3333] propagating constant 0 across sequential element (\U_DATA/data_reg[3] )
INFO: [Synth 8-3333] propagating constant 0 across sequential element (\U_DATA/data_reg[4] )
INFO: [Synth 8-3333] propagating constant 0 across sequential element (\U_DATA/data_reg[5] )
INFO: [Synth 8-3333] propagating constant 0 across sequential element (\U_DATA/data_reg[6] )
INFO: [Synth 8-3333] propagating constant 0 across sequential element (\U_DATA/data_reg[7] )
---------------------------------------------------------------------------------
Finished Technology Mapping : Time (s): cpu = 00:00:15 ; elapsed = 00:00:16 . Memory (MB): peak = 556.004 ; gain = 348.430
---------------------------------------------------------------------------------
Finished Parallel Technology Mapping Optimization  : Time (s): cpu = 00:00:15 ; elapsed = 00:00:16 . Memory (MB): peak = 556.004 ; gain = 348.430

Report RTL Partitions: 
+-+--------------+------------+----------+
| |RTL Partition |Replication |Instances |
+-+--------------+------------+----------+
+-+--------------+------------+----------+
Finished Parallel Synthesis Optimization  : Time (s): cpu = 00:00:15 ; elapsed = 00:00:16 . Memory (MB): peak = 556.004 ; gain = 348.430
---------------------------------------------------------------------------------
Start IO Insertion
---------------------------------------------------------------------------------
---------------------------------------------------------------------------------
Start Flattening Before IO Insertion
---------------------------------------------------------------------------------
---------------------------------------------------------------------------------
Finished Flattening Before IO Insertion
---------------------------------------------------------------------------------
---------------------------------------------------------------------------------
Start Final Netlist Cleanup
---------------------------------------------------------------------------------
---------------------------------------------------------------------------------
Finished Final Netlist Cleanup
---------------------------------------------------------------------------------
---------------------------------------------------------------------------------
Finished IO Insertion : Time (s): cpu = 00:00:15 ; elapsed = 00:00:16 . Memory (MB): peak = 556.004 ; gain = 348.430
---------------------------------------------------------------------------------

Report Check Netlist: 
+------+------------------+-------+---------+-------+------------------+
|      |Item              |Errors |Warnings |Status |Description       |
+------+------------------+-------+---------+-------+------------------+
|1     |multi_driven_nets |      0|        0|Passed |Multi driven nets |
+------+------------------+-------+---------+-------+------------------+
---------------------------------------------------------------------------------
Start Renaming Generated Instances
---------------------------------------------------------------------------------
---------------------------------------------------------------------------------
Finished Renaming Generated Instances : Time (s): cpu = 00:00:15 ; elapsed = 00:00:16 . Memory (MB): peak = 556.004 ; gain = 348.430
---------------------------------------------------------------------------------

Report RTL Partitions: 
+-+--------------+------------+----------+
| |RTL Partition |Replication |Instances |
+-+--------------+------------+----------+
+-+--------------+------------+----------+
---------------------------------------------------------------------------------
Start Rebuilding User Hierarchy
---------------------------------------------------------------------------------
---------------------------------------------------------------------------------
Finished Rebuilding User Hierarchy : Time (s): cpu = 00:00:15 ; elapsed = 00:00:16 . Memory (MB): peak = 556.004 ; gain = 348.430
---------------------------------------------------------------------------------
---------------------------------------------------------------------------------
Start Renaming Generated Ports
---------------------------------------------------------------------------------
---------------------------------------------------------------------------------
Finished Renaming Generated Ports : Time (s): cpu = 00:00:15 ; elapsed = 00:00:16 . Memory (MB): peak = 556.004 ; gain = 348.430
---------------------------------------------------------------------------------
---------------------------------------------------------------------------------
Start Handling Custom Attributes
---------------------------------------------------------------------------------
---------------------------------------------------------------------------------
Finished Handling Custom Attributes : Time (s): cpu = 00:00:15 ; elapsed = 00:00:16 . Memory (MB): peak = 556.004 ; gain = 348.430
---------------------------------------------------------------------------------
---------------------------------------------------------------------------------
Start Renaming Generated Nets
---------------------------------------------------------------------------------
---------------------------------------------------------------------------------
Finished Renaming Generated Nets : Time (s): cpu = 00:00:15 ; elapsed = 00:00:16 . Memory (MB): peak = 556.004 ; gain = 348.430
---------------------------------------------------------------------------------
---------------------------------------------------------------------------------
Start Writing Synthesis Report
---------------------------------------------------------------------------------

Report BlackBoxes: 
+-+--------------+----------+
| |BlackBox name |Instances |
+-+--------------+----------+
+-+--------------+----------+

Report Cell Usage: 
+------+-------+------+
|      |Cell   |Count |
+------+-------+------+
|1     |BUFG   |     1|
|2     |CARRY4 |     2|
|3     |LUT2   |     6|
|4     |LUT3   |   152|
|5     |LUT4   |     9|
|6     |LUT5   |   161|
|7     |LUT6   |    78|
|8     |FDRE   |   218|
|9     |LD     |     3|
|10    |IBUF   |     3|
|11    |OBUF   |    11|
+------+-------+------+

Report Instance Areas: 
+------+----------------------+---------------------------+------+
|      |Instance              |Module                     |Cells |
+------+----------------------+---------------------------+------+
|1     |top                   |                           |   644|
|2     |  U_BIT_COUNT         |counter                    |     1|
|3     |  U_ERROR             |f_error                    |     1|
|4     |  U_FSM               |FSMs                       |    26|
|5     |    U_DATA            |fsm_data                   |     9|
|6     |    U_DETECT          |fsm_psfd                   |     7|
|7     |    U_PLL             |fsm_pll                    |     9|
|8     |  U_IDLE_N_ERROR_CORR |correlator__parameterized2 |   177|
|9     |  U_ONE_N_ZERO_CORR   |correlator__parameterized1 |    72|
|10    |  U_PREAMBLE_CORR     |correlator                 |   317|
|11    |  U_SAMPLE            |clkenb__parameterized0     |    12|
|12    |  U_SFD_CORR          |correlator__parameterized0 |     3|
|13    |  U_SLOW_SAMPLE       |clkenb                     |    19|
|14    |  U_SYNC              |sync_input                 |     1|
+------+----------------------+---------------------------+------+
---------------------------------------------------------------------------------
Finished Writing Synthesis Report : Time (s): cpu = 00:00:15 ; elapsed = 00:00:16 . Memory (MB): peak = 556.004 ; gain = 348.430
---------------------------------------------------------------------------------
Synthesis finished with 0 errors, 0 critical warnings and 389 warnings.
Synthesis Optimization Runtime : Time (s): cpu = 00:00:14 ; elapsed = 00:00:14 . Memory (MB): peak = 556.004 ; gain = 319.168
Synthesis Optimization Complete : Time (s): cpu = 00:00:15 ; elapsed = 00:00:16 . Memory (MB): peak = 556.004 ; gain = 348.430
INFO: [Project 1-571] Translating synthesized netlist
INFO: [Netlist 29-17] Analyzing 8 Unisim elements for replacement
INFO: [Netlist 29-28] Unisim Transformation completed in 0 CPU seconds
INFO: [Project 1-570] Preparing netlist for logic optimization
INFO: [Opt 31-138] Pushed 0 inverter(s) to 0 load pin(s).
INFO: [Project 1-111] Unisim Transformation Summary:
  A total of 3 instances were transformed.
  LD => LDCE: 3 instances

INFO: [Common 17-83] Releasing license: Synthesis
184 Infos, 138 Warnings, 0 Critical Warnings and 0 Errors encountered.
synth_design completed successfully
synth_design: Time (s): cpu = 00:00:16 ; elapsed = 00:00:16 . Memory (MB): peak = 597.805 ; gain = 364.254
report_utilization: Time (s): cpu = 00:00:00 ; elapsed = 00:00:00.016 . Memory (MB): peak = 597.805 ; gain = 0.000
INFO: [Common 17-206] Exiting Vivado at Sun Oct 23 20:47:09 2016...
