INFO: [VRFC 10-2263] Analyzing Verilog file "C:/Users/flynng/Desktop/ECE491/5lab/5lab.sim/sim_1/impl/func/top_sim_func_impl.v" into library xil_defaultlib
INFO: [VRFC 10-311] analyzing module FSMs
INFO: [VRFC 10-311] analyzing module clkenb
INFO: [VRFC 10-311] analyzing module clkenb__parameterized0
INFO: [VRFC 10-311] analyzing module clkenb__parameterized1
INFO: [VRFC 10-311] analyzing module clkenb__parameterized2
INFO: [VRFC 10-311] analyzing module clkenb_baud
INFO: [VRFC 10-311] analyzing module correlator
INFO: [VRFC 10-311] analyzing module correlator__parameterized0
INFO: [VRFC 10-311] analyzing module correlator__parameterized1
INFO: [VRFC 10-311] analyzing module correlator__parameterized2
INFO: [VRFC 10-311] analyzing module counter
INFO: [VRFC 10-311] analyzing module counter__parameterized0
INFO: [VRFC 10-311] analyzing module counter__parameterized1
INFO: [VRFC 10-311] analyzing module counter_parm__parameterized0
INFO: [VRFC 10-311] analyzing module counter_parm__parameterized1
INFO: [VRFC 10-311] analyzing module data_buffer
INFO: [VRFC 10-311] analyzing module dispctl
INFO: [VRFC 10-311] analyzing module f_error
INFO: [VRFC 10-311] analyzing module fsm_data
INFO: [VRFC 10-311] analyzing module fsm_pll
INFO: [VRFC 10-311] analyzing module fsm_psfd
INFO: [VRFC 10-311] analyzing module manchester_tx
INFO: [VRFC 10-311] analyzing module mx_rcvr
INFO: [VRFC 10-311] analyzing module mxtest_2
INFO: [VRFC 10-311] analyzing module nexys4DDR
INFO: [VRFC 10-311] analyzing module one_bit_ff
INFO: [VRFC 10-311] analyzing module reg_parm
INFO: [VRFC 10-311] analyzing module sync_input
INFO: [VRFC 10-311] analyzing module transmitter_for_mx
INFO: [VRFC 10-311] analyzing module glbl
INFO: [VRFC 10-2263] Analyzing SystemVerilog file "C:/Users/flynng/Desktop/ECE491/5lab/5lab.srcs/sim_1/imports/new/top_sim.sv" into library xil_defaultlib
INFO: [VRFC 10-311] analyzing module top_sim
